Using pre-set license
Built from '2020.3/staging' branch; Version is '2020.3.17f1 (a4537701e4ab) revision 10769271'; Using compiler version '192528614'; Build Type 'Release'
OS: 'Windows 10 Pro; OS build 19042.1165; Version 2009; 64bit' Language: 'en' Physical Memory: 8109 MB
BatchMode: 1, IsHumanControllingUs: 0, StartBugReporterOnCrash: 0, Is64bit: 1, IsPro: 0

COMMAND LINE ARGUMENTS:
C:\Program Files\Unity\Hub\Editor\2020.3.17f1\Editor\Unity.exe
-adb2
-batchMode
-noUpm
-name
AssetImportWorker0
-projectPath
C:/Users/Hazel Yuan/Documents/GitHub/AR-Lab/Material Lab
-logFile
Logs/AssetImportWorker0.log
-srvPort
54500
Successfully changed project path to: C:/Users/Hazel Yuan/Documents/GitHub/AR-Lab/Material Lab
C:/Users/Hazel Yuan/Documents/GitHub/AR-Lab/Material Lab
Using Asset Import Pipeline V2.
Refreshing native plugins compatible for Editor in 79.79 ms, found 2 plugins.
Preloading 0 native plugins for Editor in 0.00 ms.
Initialize engine version: 2020.3.17f1 (a4537701e4ab)
[Subsystems] Discovering subsystems at path C:/Program Files/Unity/Hub/Editor/2020.3.17f1/Editor/Data/Resources/UnitySubsystems
[Subsystems] Discovering subsystems at path C:/Users/Hazel Yuan/Documents/GitHub/AR-Lab/Material Lab/Assets
GfxDevice: creating device client; threaded=0
Direct3D:
    Version:  Direct3D 11.0 [level 11.1]
    Renderer: NVIDIA GeForce GTX 1050 (ID=0x1c8d)
    Vendor:   
    VRAM:     1979 MB
    Driver:   27.21.14.6140
Initialize mono
Mono path[0] = 'C:/Program Files/Unity/Hub/Editor/2020.3.17f1/Editor/Data/Managed'
Mono path[1] = 'C:/Program Files/Unity/Hub/Editor/2020.3.17f1/Editor/Data/MonoBleedingEdge/lib/mono/unityjit'
Mono config path = 'C:/Program Files/Unity/Hub/Editor/2020.3.17f1/Editor/Data/MonoBleedingEdge/etc'
Using monoOptions --debugger-agent=transport=dt_socket,embedding=1,server=y,suspend=n,address=127.0.0.1:56232
Begin MonoManager ReloadAssembly
Registering precompiled unity dll's ...
Register platform support module: C:/Program Files/Unity/Hub/Editor/2020.3.17f1/Editor/Data/PlaybackEngines/WebGLSupport/UnityEditor.WebGL.Extensions.dll
Register platform support module: C:/Program Files/Unity/Hub/Editor/2020.3.17f1/Editor/Data/PlaybackEngines/WindowsStandaloneSupport/UnityEditor.WindowsStandalone.Extensions.dll
Registered in 0.003863 seconds.
Native extension for WindowsStandalone target not found
Native extension for WebGL target not found
Refreshing native plugins compatible for Editor in 65.75 ms, found 2 plugins.
Preloading 0 native plugins for Editor in 0.00 ms.
Mono: successfully reloaded assembly
- Completed reload, in  2.646 seconds
Domain Reload Profiling:
	ReloadAssembly (2647ms)
		BeginReloadAssembly (100ms)
			ExecutionOrderSort (0ms)
			DisableScriptedObjects (0ms)
			BackupInstance (0ms)
			ReleaseScriptingObjects (0ms)
			CreateAndSetChildDomain (1ms)
		EndReloadAssembly (573ms)
			LoadAssemblies (98ms)
			RebuildTransferFunctionScriptingTraits (0ms)
			SetupTypeCache (224ms)
			ReleaseScriptCaches (0ms)
			RebuildScriptCaches (40ms)
			SetupLoadedEditorAssemblies (219ms)
				LogAssemblyErrors (0ms)
				InitializePlatformSupportModulesInManaged (6ms)
				SetLoadedEditorAssemblies (0ms)
				RefreshPlugins (66ms)
				BeforeProcessingInitializeOnLoad (12ms)
				ProcessInitializeOnLoadAttributes (94ms)
				ProcessInitializeOnLoadMethodAttributes (41ms)
				AfterProcessingInitializeOnLoad (0ms)
				EditorAssembliesLoaded (0ms)
			ExecutionOrderSort2 (0ms)
			AwakeInstancesAfterBackupRestoration (0ms)
Platform modules already initialized, skipping
Registering precompiled user dll's ...
Registered in 0.130521 seconds.
Begin MonoManager ReloadAssembly
Native extension for WindowsStandalone target not found
Native extension for WebGL target not found
Refreshing native plugins compatible for Editor in 68.88 ms, found 2 plugins.
Preloading 0 native plugins for Editor in 0.00 ms.
Mono: successfully reloaded assembly
- Completed reload, in  1.523 seconds
Domain Reload Profiling:
	ReloadAssembly (1524ms)
		BeginReloadAssembly (177ms)
			ExecutionOrderSort (0ms)
			DisableScriptedObjects (5ms)
			BackupInstance (0ms)
			ReleaseScriptingObjects (0ms)
			CreateAndSetChildDomain (22ms)
		EndReloadAssembly (1271ms)
			LoadAssemblies (114ms)
			RebuildTransferFunctionScriptingTraits (0ms)
			SetupTypeCache (394ms)
			ReleaseScriptCaches (1ms)
			RebuildScriptCaches (61ms)
			SetupLoadedEditorAssemblies (545ms)
				LogAssemblyErrors (0ms)
				InitializePlatformSupportModulesInManaged (6ms)
				SetLoadedEditorAssemblies (0ms)
				RefreshPlugins (69ms)
				BeforeProcessingInitializeOnLoad (108ms)
				ProcessInitializeOnLoadAttributes (347ms)
				ProcessInitializeOnLoadMethodAttributes (4ms)
				AfterProcessingInitializeOnLoad (9ms)
				EditorAssembliesLoaded (0ms)
			ExecutionOrderSort2 (0ms)
			AwakeInstancesAfterBackupRestoration (9ms)
Platform modules already initialized, skipping
========================================================================
Worker process is ready to serve import requests
Launched and connected shader compiler UnityShaderCompiler.exe after 0.19 seconds
Refreshing native plugins compatible for Editor in 0.91 ms, found 2 plugins.
Preloading 0 native plugins for Editor in 0.00 ms.
Unloading 3043 Unused Serialized files (Serialized files now loaded: 0)
System memory in use before: 133.9 MB.
System memory in use after: 134.0 MB.

Unloading 20 unused Assets to reduce memory usage. Loaded Objects now: 3479.
Total: 4.777300 ms (FindLiveObjects: 0.355400 ms CreateObjectMapping: 0.176500 ms MarkObjects: 4.098100 ms  DeleteObjects: 0.145900 ms)

AssetImportParameters requested are different than current active one (requested -> active):
  custom:framework-win-MediaFoundation: 216162199b28c13a410421893ffa2e32 -> 
  custom:video-decoder-ogg-theora: a1e56fd34408186e4bbccfd4996cb3dc -> 
  custom:container-muxer-webm: aa71ff27fc2769a1b78a27578f13a17b -> 
  custom:container-demuxer-webm: 4f35f7cbe854078d1ac9338744f61a02 -> 
  custom:container-demuxer-ogg: 62fdf1f143b41e24485cea50d1cbac27 -> 
  custom:video-encoder-webm-vp8: eb34c28f22e8b96e1ab97ce403110664 -> 
  custom:video-codec-MediaFoundation-h265: 746d11721c4dcdbdad8f713fa42b33f4 -> 
  custom:video-decoder-webm-vp8: 9c59270c3fd7afecdb556c50c9e8de78 -> 
  custom:audio-decoder-ogg-vorbis: bf7c407c2cedff20999df2af8eb42d56 -> 
  custom:audio-encoder-webm-vorbis: bf7c407c2cedff20999df2af8eb42d56 -> 
========================================================================
Received Import Request.
  path: Assets/Settings/UniversalRenderPipelineAsset_Renderer.asset
  artifactKey: Guid(f47f1eb6dc5145c42b1ea536ff69f9ad) Importer(815301076,1909f56bfc062723c751e8b465ee728b)
Start importing Assets/Settings/UniversalRenderPipelineAsset_Renderer.asset using Guid(f47f1eb6dc5145c42b1ea536ff69f9ad) Importer(815301076,1909f56bfc062723c751e8b465ee728b)  -> (artifact id: '9334d91d5a083b318ec038f1d648e4ea') in 0.093807 seconds 
  Import took 0.101144 seconds .

========================================================================
Received Import Request.
  Time since last request: 0.000469 seconds.
  path: Assets/Settings/UniversalRenderPipelineAsset.asset
  artifactKey: Guid(a8f07cb529d013a4a8384944226ae684) Importer(815301076,1909f56bfc062723c751e8b465ee728b)
Start importing Assets/Settings/UniversalRenderPipelineAsset.asset using Guid(a8f07cb529d013a4a8384944226ae684) Importer(815301076,1909f56bfc062723c751e8b465ee728b)  -> (artifact id: '7f5cf3c3f33a8563ded73e234db234b8') in 0.033885 seconds 
  Import took 0.040891 seconds .

========================================================================
Received Prepare
Switching render pipeline 00000000000000000000000000000000 -> a8f07cb529d013a4a8384944226ae684
Refreshing native plugins compatible for Editor in 8.19 ms, found 2 plugins.
Preloading 0 native plugins for Editor in 0.00 ms.
Unloading 61 Unused Serialized files (Serialized files now loaded: 0)
System memory in use before: 72.2 MB.
System memory in use after: 72.4 MB.

Unloading 13 unused Assets to reduce memory usage. Loaded Objects now: 3527.
Total: 5.165900 ms (FindLiveObjects: 0.379400 ms CreateObjectMapping: 0.194500 ms MarkObjects: 4.484200 ms  DeleteObjects: 0.106500 ms)

AssetImportParameters requested are different than current active one (requested -> active):
  custom:framework-win-MediaFoundation: 216162199b28c13a410421893ffa2e32 -> 
  custom:video-decoder-ogg-theora: a1e56fd34408186e4bbccfd4996cb3dc -> 
  custom:container-muxer-webm: aa71ff27fc2769a1b78a27578f13a17b -> 
  custom:container-demuxer-webm: 4f35f7cbe854078d1ac9338744f61a02 -> 
  custom:container-demuxer-ogg: 62fdf1f143b41e24485cea50d1cbac27 -> 
  custom:video-encoder-webm-vp8: eb34c28f22e8b96e1ab97ce403110664 -> 
  custom:video-codec-MediaFoundation-h265: 746d11721c4dcdbdad8f713fa42b33f4 -> 
  custom:video-decoder-webm-vp8: 9c59270c3fd7afecdb556c50c9e8de78 -> 
  custom:audio-decoder-ogg-vorbis: bf7c407c2cedff20999df2af8eb42d56 -> 
  custom:audio-encoder-webm-vorbis: bf7c407c2cedff20999df2af8eb42d56 -> 
========================================================================
Received Import Request.
  Time since last request: 157.262479 seconds.
  path: Assets/Samples/ProBuilder/4.5.2/Universal Render Pipeline Support
  artifactKey: Guid(079c46ff2b260324e9c40905d3ec9b59) Importer(815301076,1909f56bfc062723c751e8b465ee728b)
Start importing Assets/Samples/ProBuilder/4.5.2/Universal Render Pipeline Support using Guid(079c46ff2b260324e9c40905d3ec9b59) Importer(815301076,1909f56bfc062723c751e8b465ee728b)  -> (artifact id: '227cf495d1065726909d59727352051c') in 0.010654 seconds 
  Import took 0.021138 seconds .

========================================================================
Received Import Request.
  Time since last request: 318.044992 seconds.
  path: Assets/Materials/Default.mat
  artifactKey: Guid(088ffe98583bcc94589a8d5febc4551b) Importer(815301076,1909f56bfc062723c751e8b465ee728b)
Start importing Assets/Materials/Default.mat using Guid(088ffe98583bcc94589a8d5febc4551b) Importer(815301076,1909f56bfc062723c751e8b465ee728b)  -> (artifact id: '8c6309e986d35b6994eb576026e2bc7f') in 0.766795 seconds 
  Import took 0.775573 seconds .

========================================================================
Received Import Request.
  Time since last request: 0.000362 seconds.
  path: Assets/Materials/Skybox_Mat.mat
  artifactKey: Guid(0ffaa0b7117ba8c47a9d05ae701d4b4d) Importer(815301076,1909f56bfc062723c751e8b465ee728b)
Start importing Assets/Materials/Skybox_Mat.mat using Guid(0ffaa0b7117ba8c47a9d05ae701d4b4d) Importer(815301076,1909f56bfc062723c751e8b465ee728b)  -> (artifact id: '1d712dba848da0ddbbd2efbe38442acb') in 0.138196 seconds 
  Import took 0.144206 seconds .

========================================================================
Received Import Request.
  Time since last request: 65.832103 seconds.
  path: Assets/Settings/UniversalRenderPipelineAsset_Renderer.asset
  artifactKey: Guid(f47f1eb6dc5145c42b1ea536ff69f9ad) Importer(815301076,1909f56bfc062723c751e8b465ee728b)
Start importing Assets/Settings/UniversalRenderPipelineAsset_Renderer.asset using Guid(f47f1eb6dc5145c42b1ea536ff69f9ad) Importer(815301076,1909f56bfc062723c751e8b465ee728b)  -> (artifact id: '832abc53336bdf1ec838c76ac8f360b0') in 0.005908 seconds 
  Import took 0.015278 seconds .

========================================================================
Received Import Request.
  Time since last request: 3.718555 seconds.
  path: Assets/Scenes/Materials.unity
  artifactKey: Guid(c8fc420beba843c4f826768aa7d7778b) Importer(815301076,1909f56bfc062723c751e8b465ee728b)
Start importing Assets/Scenes/Materials.unity using Guid(c8fc420beba843c4f826768aa7d7778b) Importer(815301076,1909f56bfc062723c751e8b465ee728b)  -> (artifact id: '759d385e34219b4bd268393be3ad4ceb') in 0.010711 seconds 
  Import took 0.017059 seconds .

========================================================================
Received Import Request.
  Time since last request: 195.522169 seconds.
  path: Assets/Materials
  artifactKey: Guid(d0234ba368eeec9418390da711bfdad0) Importer(815301076,1909f56bfc062723c751e8b465ee728b)
Start importing Assets/Materials using Guid(d0234ba368eeec9418390da711bfdad0) Importer(815301076,1909f56bfc062723c751e8b465ee728b)  -> (artifact id: 'dd1fccef896d48891410691dfde716e5') in 0.009555 seconds 
  Import took 0.018350 seconds .

========================================================================
Received Import Request.
  Time since last request: 18.162529 seconds.
  path: Assets/Materials/Unlit Arrow.mat
  artifactKey: Guid(c5e6cafdd268bce4e90385b17879fff6) Importer(815301076,1909f56bfc062723c751e8b465ee728b)
Start importing Assets/Materials/Unlit Arrow.mat using Guid(c5e6cafdd268bce4e90385b17879fff6) Importer(815301076,1909f56bfc062723c751e8b465ee728b)  -> (artifact id: 'f0d2b1688ab2d886b63823d07e1393bc') in 0.024689 seconds 
  Import took 0.032533 seconds .

========================================================================
Received Import Request.
  Time since last request: 161.895622 seconds.
  path: Packages/com.unity.render-pipelines.universal/Runtime/Materials/Lit.mat
  artifactKey: Guid(31321ba15b8f8eb4c954353edc038b1d) Importer(815301076,1909f56bfc062723c751e8b465ee728b)
Start importing Packages/com.unity.render-pipelines.universal/Runtime/Materials/Lit.mat using Guid(31321ba15b8f8eb4c954353edc038b1d) Importer(815301076,1909f56bfc062723c751e8b465ee728b)  -> (artifact id: 'abb02e82e9126f04084b0accd4c6fe05') in 0.042343 seconds 
  Import took 0.050673 seconds .

========================================================================
Received Import Request.
  Time since last request: 0.000396 seconds.
  path: Packages/com.unity.render-pipelines.universal/Runtime/Materials/ParticlesUnlit.mat
  artifactKey: Guid(e823cd5b5d27c0f4b8256e7c12ee3e6d) Importer(815301076,1909f56bfc062723c751e8b465ee728b)
Start importing Packages/com.unity.render-pipelines.universal/Runtime/Materials/ParticlesUnlit.mat using Guid(e823cd5b5d27c0f4b8256e7c12ee3e6d) Importer(815301076,1909f56bfc062723c751e8b465ee728b)  -> (artifact id: '5def8fad44d15df66a3f7621908d30c4') in 0.026849 seconds 
  Import took 0.034469 seconds .

========================================================================
Received Import Request.
  Time since last request: 0.000387 seconds.
  path: Packages/com.unity.render-pipelines.universal/Runtime/Materials/TerrainLit.mat
  artifactKey: Guid(594ea882c5a793440b60ff72d896021e) Importer(815301076,1909f56bfc062723c751e8b465ee728b)
Start importing Packages/com.unity.render-pipelines.universal/Runtime/Materials/TerrainLit.mat using Guid(594ea882c5a793440b60ff72d896021e) Importer(815301076,1909f56bfc062723c751e8b465ee728b)  -> (artifact id: 'db7c8dc57fed08a684a13f27e5cf3e4c') in 0.695658 seconds 
  Import took 0.705292 seconds .

========================================================================
Received Import Request.
  Time since last request: 0.000493 seconds.
  path: Packages/com.unity.render-pipelines.universal/Runtime/Materials/ParticlesUnlit.mat
  artifactKey: Guid(e823cd5b5d27c0f4b8256e7c12ee3e6d) Importer(815301076,1909f56bfc062723c751e8b465ee728b)
Start importing Packages/com.unity.render-pipelines.universal/Runtime/Materials/ParticlesUnlit.mat using Guid(e823cd5b5d27c0f4b8256e7c12ee3e6d) Importer(815301076,1909f56bfc062723c751e8b465ee728b)  -> (artifact id: '5def8fad44d15df66a3f7621908d30c4') in 0.013843 seconds 
  Import took 0.021308 seconds .

========================================================================
Received Import Request.
  Time since last request: 0.000391 seconds.
  path: Packages/com.unity.render-pipelines.universal/Runtime/Materials/Sprite-Unlit-Default.mat
  artifactKey: Guid(9dfc825aed78fcd4ba02077103263b40) Importer(815301076,1909f56bfc062723c751e8b465ee728b)
Start importing Packages/com.unity.render-pipelines.universal/Runtime/Materials/Sprite-Unlit-Default.mat using Guid(9dfc825aed78fcd4ba02077103263b40) Importer(815301076,1909f56bfc062723c751e8b465ee728b)  -> (artifact id: 'a89563b780c9414a568fabc4c9483815') in 0.067757 seconds 
  Import took 0.076885 seconds .

========================================================================
Received Import Request.
  Time since last request: 0.000484 seconds.
  path: Packages/com.unity.render-pipelines.universal/Runtime/Materials/SimpleLit.mat
  artifactKey: Guid(6a1143ee683302f4aa628c052723efc1) Importer(815301076,1909f56bfc062723c751e8b465ee728b)
Start importing Packages/com.unity.render-pipelines.universal/Runtime/Materials/SimpleLit.mat using Guid(6a1143ee683302f4aa628c052723efc1) Importer(815301076,1909f56bfc062723c751e8b465ee728b)  -> (artifact id: '22f5cfd15270dde81fac0aec1b4ab1a9') in 0.705028 seconds 
  Import took 0.714662 seconds .

========================================================================
Received Import Request.
  Time since last request: 0.000546 seconds.
  path: Packages/com.unity.render-pipelines.universal/Runtime/Materials/Sprite-Lit-Default.mat
  artifactKey: Guid(a97c105638bdf8b4a8650670310a4cd3) Importer(815301076,1909f56bfc062723c751e8b465ee728b)
Start importing Packages/com.unity.render-pipelines.universal/Runtime/Materials/Sprite-Lit-Default.mat using Guid(a97c105638bdf8b4a8650670310a4cd3) Importer(815301076,1909f56bfc062723c751e8b465ee728b)  -> (artifact id: '6f1d67e0ec097dbb188034488ca17af3') in 0.024254 seconds 
  Import took 0.033828 seconds .

========================================================================
Received Import Request.
  Time since last request: 0.000320 seconds.
  path: Packages/com.unity.render-pipelines.universal/Runtime/Materials/SimpleLit.mat
  artifactKey: Guid(6a1143ee683302f4aa628c052723efc1) Importer(815301076,1909f56bfc062723c751e8b465ee728b)
Start importing Packages/com.unity.render-pipelines.universal/Runtime/Materials/SimpleLit.mat using Guid(6a1143ee683302f4aa628c052723efc1) Importer(815301076,1909f56bfc062723c751e8b465ee728b)  -> (artifact id: '22f5cfd15270dde81fac0aec1b4ab1a9') in 0.019068 seconds 
  Import took 0.026490 seconds .

========================================================================
Received Import Request.
  Time since last request: 0.000364 seconds.
  path: Packages/com.unity.render-pipelines.universal/Runtime/Materials/Sprite-Lit-Default.mat
  artifactKey: Guid(a97c105638bdf8b4a8650670310a4cd3) Importer(815301076,1909f56bfc062723c751e8b465ee728b)
Start importing Packages/com.unity.render-pipelines.universal/Runtime/Materials/Sprite-Lit-Default.mat using Guid(a97c105638bdf8b4a8650670310a4cd3) Importer(815301076,1909f56bfc062723c751e8b465ee728b)  -> (artifact id: '6f1d67e0ec097dbb188034488ca17af3') in 0.012618 seconds 
  Import took 0.022311 seconds .

========================================================================
Received Import Request.
  Time since last request: 0.000337 seconds.
  path: Packages/com.unity.render-pipelines.universal/Runtime/Materials/Lit.mat
  artifactKey: Guid(31321ba15b8f8eb4c954353edc038b1d) Importer(815301076,1909f56bfc062723c751e8b465ee728b)
Start importing Packages/com.unity.render-pipelines.universal/Runtime/Materials/Lit.mat using Guid(31321ba15b8f8eb4c954353edc038b1d) Importer(815301076,1909f56bfc062723c751e8b465ee728b)  -> (artifact id: 'abb02e82e9126f04084b0accd4c6fe05') in 0.017091 seconds 
  Import took 0.024266 seconds .

========================================================================
Received Import Request.
  Time since last request: 1303.115229 seconds.
  path: Assets/Materials/Realistic
  artifactKey: Guid(2a0a39e2dbdb5174ea7ac7ed705a3b3b) Importer(815301076,1909f56bfc062723c751e8b465ee728b)
Start importing Assets/Materials/Realistic using Guid(2a0a39e2dbdb5174ea7ac7ed705a3b3b) Importer(815301076,1909f56bfc062723c751e8b465ee728b)  -> (artifact id: '9f4f716149dc8f5b3eeb057bb986b176') in 0.009767 seconds 
  Import took 0.019549 seconds .

========================================================================
Received Import Request.
  Time since last request: 3.609360 seconds.
  path: Assets/Materials/Realistic/Asphalt
  artifactKey: Guid(1e531e3eb11eac546a9d58de4b2bcfff) Importer(815301076,1909f56bfc062723c751e8b465ee728b)
Start importing Assets/Materials/Realistic/Asphalt using Guid(1e531e3eb11eac546a9d58de4b2bcfff) Importer(815301076,1909f56bfc062723c751e8b465ee728b)  -> (artifact id: 'b0688594ba44454d06e39ce089772f09') in 0.009750 seconds 
  Import took 0.018144 seconds .

========================================================================
Received Import Request.
  Time since last request: 0.068529 seconds.
  path: Assets/Materials/Realistic/Asphalt/AsphaltDiffuse.png
  artifactKey: Guid(b5fe11297e3bad249bef8c4b29342f06) Importer(815301076,1909f56bfc062723c751e8b465ee728b)
Start importing Assets/Materials/Realistic/Asphalt/AsphaltDiffuse.png using Guid(b5fe11297e3bad249bef8c4b29342f06) Importer(815301076,1909f56bfc062723c751e8b465ee728b)  -> (artifact id: '908402aa7d6c26ec6a29a2659e23af62') in 0.092652 seconds 
  Import took 0.099070 seconds .

========================================================================
Received Import Request.
  Time since last request: 0.000390 seconds.
  path: Assets/Materials/Realistic/Asphalt/AsphaltNormalMap.png
  artifactKey: Guid(a526bdffa4f29bc418554f3667339141) Importer(815301076,1909f56bfc062723c751e8b465ee728b)
Start importing Assets/Materials/Realistic/Asphalt/AsphaltNormalMap.png using Guid(a526bdffa4f29bc418554f3667339141) Importer(815301076,1909f56bfc062723c751e8b465ee728b)  -> (artifact id: 'ee994efd4efda951ab9dba7f408533c0') in 0.078730 seconds 
  Import took 0.085148 seconds .

========================================================================
Received Import Request.
  Time since last request: 0.000356 seconds.
  path: Assets/Materials/Realistic/Asphalt/AsphaltMetallicMap.png
  artifactKey: Guid(4440a1cc791a77442a3f0ccd9b4b4554) Importer(815301076,1909f56bfc062723c751e8b465ee728b)
Start importing Assets/Materials/Realistic/Asphalt/AsphaltMetallicMap.png using Guid(4440a1cc791a77442a3f0ccd9b4b4554) Importer(815301076,1909f56bfc062723c751e8b465ee728b)  -> (artifact id: '8a8fcae5f8160688f89c3e39138fe32c') in 0.034335 seconds 
  Import took 0.042252 seconds .

========================================================================
Received Import Request.
  Time since last request: 891.034979 seconds.
  path: Assets/Materials/Realistic/Asphalt/AsphaltDiffuse.png
  artifactKey: Guid(b5fe11297e3bad249bef8c4b29342f06) Importer(815301076,1909f56bfc062723c751e8b465ee728b)
Start importing Assets/Materials/Realistic/Asphalt/AsphaltDiffuse.png using Guid(b5fe11297e3bad249bef8c4b29342f06) Importer(815301076,1909f56bfc062723c751e8b465ee728b)  -> (artifact id: '254c48bd020188be97c494fb378225af') in 0.080113 seconds 
  Import took 0.089874 seconds .

========================================================================
Received Import Request.
  Time since last request: 51.662882 seconds.
  path: Assets/Materials/Realistic/Asphalt/AsphaltDiffuse.png
  artifactKey: Guid(b5fe11297e3bad249bef8c4b29342f06) Importer(815301076,1909f56bfc062723c751e8b465ee728b)
Start importing Assets/Materials/Realistic/Asphalt/AsphaltDiffuse.png using Guid(b5fe11297e3bad249bef8c4b29342f06) Importer(815301076,1909f56bfc062723c751e8b465ee728b)  -> (artifact id: 'b3996423e3b14832ed91d1610084d587') in 0.063918 seconds 
  Import took 0.070505 seconds .

========================================================================
Received Import Request.
  Time since last request: 188.933644 seconds.
  path: Assets/Materials/Realistic/Asphalt/asphalt.mat
  artifactKey: Guid(af68b24f55a178342b7ce879b52efb01) Importer(815301076,1909f56bfc062723c751e8b465ee728b)
Start importing Assets/Materials/Realistic/Asphalt/asphalt.mat using Guid(af68b24f55a178342b7ce879b52efb01) Importer(815301076,1909f56bfc062723c751e8b465ee728b)  -> (artifact id: '7f1eca1e83fc8fa4d9f4e070dbacc42e') in 0.027225 seconds 
  Import took 0.039714 seconds .

========================================================================
Received Import Request.
  Time since last request: 1873.317281 seconds.
  path: Assets/Materials/Realistic/CobbleStone
  artifactKey: Guid(484ada4afaaa72e4ca6b39deaa7818e6) Importer(815301076,1909f56bfc062723c751e8b465ee728b)
Start importing Assets/Materials/Realistic/CobbleStone using Guid(484ada4afaaa72e4ca6b39deaa7818e6) Importer(815301076,1909f56bfc062723c751e8b465ee728b)  -> (artifact id: 'd178e15d041aebcb93b8dc8ebdecbfba') in 0.018717 seconds 
  Import took 0.027004 seconds .

========================================================================
Received Import Request.
  Time since last request: 0.058531 seconds.
  path: Assets/Materials/Realistic/CobbleStone/CobbleStoneDiffuse.png
  artifactKey: Guid(c9a189e9461a60d45a6b4c9deecca6bf) Importer(815301076,1909f56bfc062723c751e8b465ee728b)
Start importing Assets/Materials/Realistic/CobbleStone/CobbleStoneDiffuse.png using Guid(c9a189e9461a60d45a6b4c9deecca6bf) Importer(815301076,1909f56bfc062723c751e8b465ee728b)  -> (artifact id: 'b97aa901d0b8fc3ea382dad0745f2767') in 0.063673 seconds 
  Import took 0.070381 seconds .

========================================================================
Received Import Request.
  Time since last request: 0.000419 seconds.
  path: Assets/Materials/Realistic/CobbleStone/CobbleStoneNormal.png
  artifactKey: Guid(250df69bd891996428a4c02104be179b) Importer(815301076,1909f56bfc062723c751e8b465ee728b)
Start importing Assets/Materials/Realistic/CobbleStone/CobbleStoneNormal.png using Guid(250df69bd891996428a4c02104be179b) Importer(815301076,1909f56bfc062723c751e8b465ee728b)  -> (artifact id: '60dcdeb4c358dca39eebaa646cbcc05c') in 0.066462 seconds 
  Import took 0.073053 seconds .

========================================================================
Received Import Request.
  Time since last request: 0.000415 seconds.
  path: Assets/Materials/Realistic/CobbleStone/CobbleStoneMetallicMap.png
  artifactKey: Guid(8be0669a2d6abac46bfffe27e5b73fd6) Importer(815301076,1909f56bfc062723c751e8b465ee728b)
Start importing Assets/Materials/Realistic/CobbleStone/CobbleStoneMetallicMap.png using Guid(8be0669a2d6abac46bfffe27e5b73fd6) Importer(815301076,1909f56bfc062723c751e8b465ee728b)  -> (artifact id: '4e08c809a3400c5bd86141743af04e95') in 0.042572 seconds 
  Import took 0.049180 seconds .

========================================================================
Received Import Request.
  Time since last request: 0.000524 seconds.
  path: Assets/Materials/Realistic/CobbleStone/CobbleStoneHeight.png
  artifactKey: Guid(49020cad0b83dd94594af5b729386359) Importer(815301076,1909f56bfc062723c751e8b465ee728b)
Start importing Assets/Materials/Realistic/CobbleStone/CobbleStoneHeight.png using Guid(49020cad0b83dd94594af5b729386359) Importer(815301076,1909f56bfc062723c751e8b465ee728b)  -> (artifact id: '79bd46020b2e430fefdaebfb5ed5d87b') in 0.060723 seconds 
  Import took 0.070026 seconds .

========================================================================
Received Import Request.
  Time since last request: 14.642628 seconds.
  path: Assets/Materials/Realistic/CobbleStone/pebble.mat
  artifactKey: Guid(0e283dba086a4f045b5543b5a7c17dc5) Importer(815301076,1909f56bfc062723c751e8b465ee728b)
Start importing Assets/Materials/Realistic/CobbleStone/pebble.mat using Guid(0e283dba086a4f045b5543b5a7c17dc5) Importer(815301076,1909f56bfc062723c751e8b465ee728b)  -> (artifact id: '8f539793277323b38309661ca1315cbb') in 0.033214 seconds 
  Import took 0.042851 seconds .

========================================================================
Received Import Request.
  Time since last request: 1545.431564 seconds.
  path: Assets/Materials/Realistic/MuddyPlants/MuddyPlantsDiffuse.png
  artifactKey: Guid(623bfde45b1126a44afceb12cbf2afa0) Importer(815301076,1909f56bfc062723c751e8b465ee728b)
Start importing Assets/Materials/Realistic/MuddyPlants/MuddyPlantsDiffuse.png using Guid(623bfde45b1126a44afceb12cbf2afa0) Importer(815301076,1909f56bfc062723c751e8b465ee728b)  -> (artifact id: 'f473f942f396724044e59412595ff335') in 0.060053 seconds 
  Import took 0.068945 seconds .

========================================================================
Received Import Request.
  Time since last request: 0.000411 seconds.
  path: Assets/Materials/Realistic/MuddyPlants/MuddyPlantsMetallicMap.png
  artifactKey: Guid(e118a041f0e4ef64fa9e69e8ddea7e40) Importer(815301076,1909f56bfc062723c751e8b465ee728b)
Start importing Assets/Materials/Realistic/MuddyPlants/MuddyPlantsMetallicMap.png using Guid(e118a041f0e4ef64fa9e69e8ddea7e40) Importer(815301076,1909f56bfc062723c751e8b465ee728b)  -> (artifact id: 'bc0281759e87efe5dea5c51634f7abeb') in 0.064997 seconds 
  Import took 0.071342 seconds .

========================================================================
Received Import Request.
  Time since last request: 0.000394 seconds.
  path: Assets/Materials/Realistic/MuddyPlants/MuddyPlantsNormal.png
  artifactKey: Guid(0b9ebe53e15711d489bd8da90e035cb4) Importer(815301076,1909f56bfc062723c751e8b465ee728b)
Start importing Assets/Materials/Realistic/MuddyPlants/MuddyPlantsNormal.png using Guid(0b9ebe53e15711d489bd8da90e035cb4) Importer(815301076,1909f56bfc062723c751e8b465ee728b)  -> (artifact id: '100b4dfddd975bdb126fa6cd1306168d') in 0.078075 seconds 
  Import took 0.087264 seconds .

========================================================================
Received Import Request.
  Time since last request: 0.000400 seconds.
  path: Assets/Materials/Realistic/MuddyPlants/MuddyPlantsHeight.png
  artifactKey: Guid(1a087b4336029324abe0fa3d3d85278a) Importer(815301076,1909f56bfc062723c751e8b465ee728b)
Start importing Assets/Materials/Realistic/MuddyPlants/MuddyPlantsHeight.png using Guid(1a087b4336029324abe0fa3d3d85278a) Importer(815301076,1909f56bfc062723c751e8b465ee728b)  -> (artifact id: 'adafd1df253baaedda20ca99bd438193') in 0.039744 seconds 
  Import took 0.047797 seconds .

========================================================================
Received Import Request.
  Time since last request: 0.568665 seconds.
  path: Assets/Materials/Realistic/MuddyPlants
  artifactKey: Guid(d2645955ea732554e94165b4e6f09274) Importer(815301076,1909f56bfc062723c751e8b465ee728b)
Start importing Assets/Materials/Realistic/MuddyPlants using Guid(d2645955ea732554e94165b4e6f09274) Importer(815301076,1909f56bfc062723c751e8b465ee728b)  -> (artifact id: '6132f279921ed028b72abc335e2b8408') in 0.023056 seconds 
  Import took 0.033753 seconds .

========================================================================
Received Import Request.
  Time since last request: 7.374349 seconds.
  path: Assets/Materials/Realistic/MuddyPlants/muddy plants.mat
  artifactKey: Guid(1da6cc881d702344f90d1c0ba69dd897) Importer(815301076,1909f56bfc062723c751e8b465ee728b)
Start importing Assets/Materials/Realistic/MuddyPlants/muddy plants.mat using Guid(1da6cc881d702344f90d1c0ba69dd897) Importer(815301076,1909f56bfc062723c751e8b465ee728b)  -> (artifact id: '215b46e9a65af1bc600e443a02d24848') in 0.031513 seconds 
  Import took 0.046195 seconds .

========================================================================
Received Import Request.
  Time since last request: 230.993876 seconds.
  path: Assets/Materials/Realistic/RedMud/RedMudDiffuse.png
  artifactKey: Guid(4e9fd4bfa57cb5d4e915f5e502dd0c49) Importer(815301076,1909f56bfc062723c751e8b465ee728b)
Start importing Assets/Materials/Realistic/RedMud/RedMudDiffuse.png using Guid(4e9fd4bfa57cb5d4e915f5e502dd0c49) Importer(815301076,1909f56bfc062723c751e8b465ee728b)  -> (artifact id: '2ba8a1f0470e6210b20b3f465a52fd6c') in 0.057287 seconds 
  Import took 0.063973 seconds .

========================================================================
Received Import Request.
  Time since last request: 0.000451 seconds.
  path: Assets/Materials/Realistic/RedMud/RedMudMetallicMap.png
  artifactKey: Guid(8fbc369191c25eb49866df3ac2078c3a) Importer(815301076,1909f56bfc062723c751e8b465ee728b)
Start importing Assets/Materials/Realistic/RedMud/RedMudMetallicMap.png using Guid(8fbc369191c25eb49866df3ac2078c3a) Importer(815301076,1909f56bfc062723c751e8b465ee728b)  -> (artifact id: '7c0c80c20b7e6f09dae2cf61b1390389') in 0.050535 seconds 
  Import took 0.057245 seconds .

========================================================================
Received Import Request.
  Time since last request: 0.000447 seconds.
  path: Assets/Materials/Realistic/RedMud/RedMudNormal.png
  artifactKey: Guid(bd1708532e47bfb499536023f3bf0d45) Importer(815301076,1909f56bfc062723c751e8b465ee728b)
Start importing Assets/Materials/Realistic/RedMud/RedMudNormal.png using Guid(bd1708532e47bfb499536023f3bf0d45) Importer(815301076,1909f56bfc062723c751e8b465ee728b)  -> (artifact id: '10b7972db1a83f00bb217ea1fe9355fa') in 0.092306 seconds 
  Import took 0.101310 seconds .

========================================================================
Received Import Request.
  Time since last request: 1.876975 seconds.
  path: Assets/Materials/Realistic/RedMud
  artifactKey: Guid(3faee5ed342870340ae5c1b1d0300d65) Importer(815301076,1909f56bfc062723c751e8b465ee728b)
Start importing Assets/Materials/Realistic/RedMud using Guid(3faee5ed342870340ae5c1b1d0300d65) Importer(815301076,1909f56bfc062723c751e8b465ee728b)  -> (artifact id: '84c3d8cb0e6ca3b74e9c08b6b721a1ff') in 0.009213 seconds 
  Import took 0.016525 seconds .

========================================================================
Received Import Request.
  Time since last request: 9.752795 seconds.
  path: Assets/Materials/Realistic/RedMud/red mud.mat
  artifactKey: Guid(c0d13fae060e2804780a6b947f40f932) Importer(815301076,1909f56bfc062723c751e8b465ee728b)
Start importing Assets/Materials/Realistic/RedMud/red mud.mat using Guid(c0d13fae060e2804780a6b947f40f932) Importer(815301076,1909f56bfc062723c751e8b465ee728b)  -> (artifact id: 'f9a9497550cd56c33e99695ba5d37bde') in 0.021661 seconds 
  Import took 0.031867 seconds .

========================================================================
Received Import Request.
  Time since last request: 103.926248 seconds.
  path: Assets/Materials/Realistic/RockyGravel/RickyGravelNormal.png
  artifactKey: Guid(e3e3664e48f7059488dd068399213a3e) Importer(815301076,1909f56bfc062723c751e8b465ee728b)
Start importing Assets/Materials/Realistic/RockyGravel/RickyGravelNormal.png using Guid(e3e3664e48f7059488dd068399213a3e) Importer(815301076,1909f56bfc062723c751e8b465ee728b)  -> (artifact id: 'fdeae12b1e00ac6d65d0b61d186691ca') in 0.078653 seconds 
  Import took 0.086867 seconds .

========================================================================
Received Import Request.
  Time since last request: 0.000394 seconds.
  path: Assets/Materials/Realistic/RockyGravel/RockyGravelDiffuse.png
  artifactKey: Guid(c923f2ffd195ab640810fd018d312274) Importer(815301076,1909f56bfc062723c751e8b465ee728b)
Start importing Assets/Materials/Realistic/RockyGravel/RockyGravelDiffuse.png using Guid(c923f2ffd195ab640810fd018d312274) Importer(815301076,1909f56bfc062723c751e8b465ee728b)  -> (artifact id: '40501a331ba413299e4675fea393bcec') in 0.049692 seconds 
  Import took 0.056898 seconds .

========================================================================
Received Import Request.
  Time since last request: 0.000403 seconds.
  path: Assets/Materials/Realistic/RockyGravel/RockyGravelHeight.png
  artifactKey: Guid(251136ea8285c284183b305c8b618d7b) Importer(815301076,1909f56bfc062723c751e8b465ee728b)
Start importing Assets/Materials/Realistic/RockyGravel/RockyGravelHeight.png using Guid(251136ea8285c284183b305c8b618d7b) Importer(815301076,1909f56bfc062723c751e8b465ee728b)  -> (artifact id: 'f1f12c3884ce4a1e1226563c3d327ecf') in 0.122279 seconds 
  Import took 0.131923 seconds .

========================================================================
Received Import Request.
  Time since last request: 0.000405 seconds.
  path: Assets/Materials/Realistic/RockyGravel/RockyGravelMetallic.png
  artifactKey: Guid(4d9e28ec148233645b32c493c8827cb8) Importer(815301076,1909f56bfc062723c751e8b465ee728b)
Start importing Assets/Materials/Realistic/RockyGravel/RockyGravelMetallic.png using Guid(4d9e28ec148233645b32c493c8827cb8) Importer(815301076,1909f56bfc062723c751e8b465ee728b)  -> (artifact id: '0b35631ea6d1af35dbc4cc2f2a5a27bb') in 0.032480 seconds 
  Import took 0.039113 seconds .

========================================================================
Received Import Request.
  Time since last request: 1.175747 seconds.
  path: Assets/Materials/Realistic/RockyGravel
  artifactKey: Guid(680bd152d6d9e8c4c820b852977cf874) Importer(815301076,1909f56bfc062723c751e8b465ee728b)
Start importing Assets/Materials/Realistic/RockyGravel using Guid(680bd152d6d9e8c4c820b852977cf874) Importer(815301076,1909f56bfc062723c751e8b465ee728b)  -> (artifact id: '4ead3e8e88bed3f22372f76603903441') in 0.010898 seconds 
  Import took 0.018787 seconds .

========================================================================
Received Import Request.
  Time since last request: 9.177948 seconds.
  path: Assets/Materials/Realistic/RockyGravel/gravel.mat
  artifactKey: Guid(f458c4d67f6aac546a0c347c3a23ca89) Importer(815301076,1909f56bfc062723c751e8b465ee728b)
Start importing Assets/Materials/Realistic/RockyGravel/gravel.mat using Guid(f458c4d67f6aac546a0c347c3a23ca89) Importer(815301076,1909f56bfc062723c751e8b465ee728b)  -> (artifact id: '93ca84ab60e06b05df9433d4be820974') in 0.022954 seconds 
  Import took 0.031077 seconds .

========================================================================
Received Import Request.
  Time since last request: 75.021821 seconds.
  path: Assets/Materials/Realistic/Stone/StoneDiffuse.png
  artifactKey: Guid(d3611ef21c836ca4a9d891b300d87c87) Importer(815301076,1909f56bfc062723c751e8b465ee728b)
Start importing Assets/Materials/Realistic/Stone/StoneDiffuse.png using Guid(d3611ef21c836ca4a9d891b300d87c87) Importer(815301076,1909f56bfc062723c751e8b465ee728b)  -> (artifact id: '0f1d185ee7854239036440142e41364d') in 0.062180 seconds 
  Import took 0.072260 seconds .

========================================================================
Received Import Request.
  Time since last request: 0.000506 seconds.
  path: Assets/Materials/Realistic/Stone/StoneHeight.png
  artifactKey: Guid(1d0720933ec23fc478e6560efab6f2ca) Importer(815301076,1909f56bfc062723c751e8b465ee728b)
Start importing Assets/Materials/Realistic/Stone/StoneHeight.png using Guid(1d0720933ec23fc478e6560efab6f2ca) Importer(815301076,1909f56bfc062723c751e8b465ee728b)  -> (artifact id: 'c96e622860b755ee8e0afb8d0a8483fc') in 0.083153 seconds 
  Import took 0.094021 seconds .

========================================================================
Received Import Request.
  Time since last request: 0.000406 seconds.
  path: Assets/Materials/Realistic/Stone/StoneNormal.png
  artifactKey: Guid(1b86553f44aef9c4d9e647bd0564e6ee) Importer(815301076,1909f56bfc062723c751e8b465ee728b)
Start importing Assets/Materials/Realistic/Stone/StoneNormal.png using Guid(1b86553f44aef9c4d9e647bd0564e6ee) Importer(815301076,1909f56bfc062723c751e8b465ee728b)  -> (artifact id: 'f4abc670bde3042973bceb9525fb3730') in 0.062552 seconds 
  Import took 0.069859 seconds .

========================================================================
Received Import Request.
  Time since last request: 0.000399 seconds.
  path: Assets/Materials/Realistic/Stone/StoneMetallicMap.png
  artifactKey: Guid(b7db30566d058f6419fe9f2aa6bf9b8a) Importer(815301076,1909f56bfc062723c751e8b465ee728b)
Start importing Assets/Materials/Realistic/Stone/StoneMetallicMap.png using Guid(b7db30566d058f6419fe9f2aa6bf9b8a) Importer(815301076,1909f56bfc062723c751e8b465ee728b)  -> (artifact id: '6c4898bf0ca3adb19ee255191ffb8ec4') in 0.030609 seconds 
  Import took 0.039303 seconds .

========================================================================
Received Import Request.
  Time since last request: 1.686491 seconds.
  path: Assets/Materials/Realistic/Stone
  artifactKey: Guid(8e48162a63bda864696758da156b482d) Importer(815301076,1909f56bfc062723c751e8b465ee728b)
Start importing Assets/Materials/Realistic/Stone using Guid(8e48162a63bda864696758da156b482d) Importer(815301076,1909f56bfc062723c751e8b465ee728b)  -> (artifact id: 'ccba6ac30db35521fdfa2d0866830def') in 0.009801 seconds 
  Import took 0.019331 seconds .

========================================================================
Received Import Request.
  Time since last request: 14.744250 seconds.
  path: Assets/Materials/Realistic/Stone/stone.mat
  artifactKey: Guid(8a0335910afb3784fbc9925fde7ff6c7) Importer(815301076,1909f56bfc062723c751e8b465ee728b)
Start importing Assets/Materials/Realistic/Stone/stone.mat using Guid(8a0335910afb3784fbc9925fde7ff6c7) Importer(815301076,1909f56bfc062723c751e8b465ee728b)  -> (artifact id: '05d986699090b432aa115c5994e9f086') in 0.043006 seconds 
  Import took 0.050120 seconds .

========================================================================
Received Import Request.
  Time since last request: 437.658299 seconds.
  path: Assets/Materials/Special/Glow
  artifactKey: Guid(2bf7c868a757f9943ac17bbc491d4520) Importer(815301076,1909f56bfc062723c751e8b465ee728b)
Start importing Assets/Materials/Special/Glow using Guid(2bf7c868a757f9943ac17bbc491d4520) Importer(815301076,1909f56bfc062723c751e8b465ee728b)  -> (artifact id: 'dc3aa3d62e4eb5017b7b37aa1030ba7e') in 0.010030 seconds 
  Import took 0.018459 seconds .

========================================================================
Received Import Request.
  Time since last request: 0.067364 seconds.
  path: Assets/Materials/Special/Glow/Glow.jpg
  artifactKey: Guid(6f25d22a1d6bdc944a80c26dc13917aa) Importer(815301076,1909f56bfc062723c751e8b465ee728b)
Start importing Assets/Materials/Special/Glow/Glow.jpg using Guid(6f25d22a1d6bdc944a80c26dc13917aa) Importer(815301076,1909f56bfc062723c751e8b465ee728b)  -> (artifact id: '030c90eff9013e5eb158ae81459e4e95') in 0.039252 seconds 
  Import took 0.047250 seconds .

========================================================================
Received Import Request.
  Time since last request: 58.104764 seconds.
  path: Assets/Materials/Realistic/RockyGravel/gravel.mat
  artifactKey: Guid(f458c4d67f6aac546a0c347c3a23ca89) Importer(815301076,1909f56bfc062723c751e8b465ee728b)
Start importing Assets/Materials/Realistic/RockyGravel/gravel.mat using Guid(f458c4d67f6aac546a0c347c3a23ca89) Importer(815301076,1909f56bfc062723c751e8b465ee728b)  -> (artifact id: 'c352312f4d02eb9be2a0af6936718d38') in 0.087992 seconds 
  Import took 0.100343 seconds .

========================================================================
Received Import Request.
  Time since last request: 1.215481 seconds.
  path: Assets/Materials/Realistic/MuddyPlants/muddy plants.mat
  artifactKey: Guid(1da6cc881d702344f90d1c0ba69dd897) Importer(815301076,1909f56bfc062723c751e8b465ee728b)
Start importing Assets/Materials/Realistic/MuddyPlants/muddy plants.mat using Guid(1da6cc881d702344f90d1c0ba69dd897) Importer(815301076,1909f56bfc062723c751e8b465ee728b)  -> (artifact id: '7d4ff424c9a4c15782dfc8d9f2c450b9') in 0.069679 seconds 
  Import took 0.082753 seconds .

========================================================================
Received Import Request.
  Time since last request: 130.315779 seconds.
  path: Assets/Materials/Special/Splatter/white-paint-splat-png-white-paint-splash-11562901505kz4gwuxsec.png
  artifactKey: Guid(ca504df4d998c7f4194ad5152af77f02) Importer(815301076,1909f56bfc062723c751e8b465ee728b)
Start importing Assets/Materials/Special/Splatter/white-paint-splat-png-white-paint-splash-11562901505kz4gwuxsec.png using Guid(ca504df4d998c7f4194ad5152af77f02) Importer(815301076,1909f56bfc062723c751e8b465ee728b)  -> (artifact id: 'a4a246d81c919357199e53bf248e1c7e') in 0.033946 seconds 
  Import took 0.043376 seconds .

========================================================================
Received Import Request.
  Time since last request: 2.177383 seconds.
  path: Assets/Materials/Stylized/Brick
  artifactKey: Guid(3427c2da8a56aa841bc1debe102053cd) Importer(815301076,1909f56bfc062723c751e8b465ee728b)
Start importing Assets/Materials/Stylized/Brick using Guid(3427c2da8a56aa841bc1debe102053cd) Importer(815301076,1909f56bfc062723c751e8b465ee728b)  -> (artifact id: '9843523e5d665e2b8f919556210febc9') in 0.015461 seconds 
  Import took 0.024586 seconds .

========================================================================
Received Import Request.
  Time since last request: 20.387454 seconds.
  path: Assets/Materials/Stylized/Brick/Wall_Brick_AO.png
  artifactKey: Guid(572981d23c249024a9189323bf08a0fb) Importer(815301076,1909f56bfc062723c751e8b465ee728b)
Start importing Assets/Materials/Stylized/Brick/Wall_Brick_AO.png using Guid(572981d23c249024a9189323bf08a0fb) Importer(815301076,1909f56bfc062723c751e8b465ee728b)  -> (artifact id: '200f635ab9c12c031e394035ba02126b') in 0.031249 seconds 
  Import took 0.039043 seconds .

========================================================================
Received Import Request.
  Time since last request: 0.000348 seconds.
  path: Assets/Materials/Stylized/Brick/Wall_Brick_Metallic.png
  artifactKey: Guid(a9975ebe1309ad04f85c4acbb5d3c25e) Importer(815301076,1909f56bfc062723c751e8b465ee728b)
Start importing Assets/Materials/Stylized/Brick/Wall_Brick_Metallic.png using Guid(a9975ebe1309ad04f85c4acbb5d3c25e) Importer(815301076,1909f56bfc062723c751e8b465ee728b)  -> (artifact id: 'f1b990c13f60729b6ff629ad74d974a5') in 0.039607 seconds 
  Import took 0.045567 seconds .

========================================================================
Received Import Request.
  Time since last request: 0.000379 seconds.
  path: Assets/Materials/Stylized/Brick/Wall_Brick_Height.png
  artifactKey: Guid(17aeb35c067cd4043bfd58e7e7b6cf6c) Importer(815301076,1909f56bfc062723c751e8b465ee728b)
Start importing Assets/Materials/Stylized/Brick/Wall_Brick_Height.png using Guid(17aeb35c067cd4043bfd58e7e7b6cf6c) Importer(815301076,1909f56bfc062723c751e8b465ee728b)  -> (artifact id: 'b14b95e7f8d4651f64372a8f7fbb060c') in 0.037794 seconds 
  Import took 0.046270 seconds .

========================================================================
Received Import Request.
  Time since last request: 0.000368 seconds.
  path: Assets/Materials/Stylized/Brick/Wall_Brick_Normal.png
  artifactKey: Guid(2c49d12fb89450b488277e7bfc402e8a) Importer(815301076,1909f56bfc062723c751e8b465ee728b)
Start importing Assets/Materials/Stylized/Brick/Wall_Brick_Normal.png using Guid(2c49d12fb89450b488277e7bfc402e8a) Importer(815301076,1909f56bfc062723c751e8b465ee728b)  -> (artifact id: '13380ba6f04e18c831953df7d5ab3f3d') in 0.047197 seconds 
  Import took 0.054930 seconds .

========================================================================
Received Import Request.
  Time since last request: 0.000417 seconds.
  path: Assets/Materials/Stylized/Brick/Wall_Brick_Basecolor_C.png
  artifactKey: Guid(52b99d64baa59234e83d32cd8818704e) Importer(815301076,1909f56bfc062723c751e8b465ee728b)
Start importing Assets/Materials/Stylized/Brick/Wall_Brick_Basecolor_C.png using Guid(52b99d64baa59234e83d32cd8818704e) Importer(815301076,1909f56bfc062723c751e8b465ee728b)  -> (artifact id: 'fec826de13cf58ea59ee11851447087c') in 0.046604 seconds 
  Import took 0.053711 seconds .

========================================================================
Received Import Request.
  Time since last request: 9.720180 seconds.
  path: Assets/Materials/Stylized/Brick/brivk.mat
  artifactKey: Guid(0a161db13ec22f745a1bc86d494a6116) Importer(815301076,1909f56bfc062723c751e8b465ee728b)
Start importing Assets/Materials/Stylized/Brick/brivk.mat using Guid(0a161db13ec22f745a1bc86d494a6116) Importer(815301076,1909f56bfc062723c751e8b465ee728b)  -> (artifact id: '11cb910a7e16be41e7995e2ce081faea') in 0.020708 seconds 
  Import took 0.028909 seconds .

========================================================================
Received Import Request.
  Time since last request: 55.340587 seconds.
  path: Assets/Materials/Stylized/Dirt/Dirt_Path_AO.png
  artifactKey: Guid(0fd2da29303ebcb4cb50ad1cccf7f097) Importer(815301076,1909f56bfc062723c751e8b465ee728b)
Start importing Assets/Materials/Stylized/Dirt/Dirt_Path_AO.png using Guid(0fd2da29303ebcb4cb50ad1cccf7f097) Importer(815301076,1909f56bfc062723c751e8b465ee728b)  -> (artifact id: '99815ad5fdf66e32e3ea928393029b1f') in 0.044998 seconds 
  Import took 0.054035 seconds .

========================================================================
Received Import Request.
  Time since last request: 0.000442 seconds.
  path: Assets/Materials/Stylized/Dirt/Dirt_Path_Basecolor.png
  artifactKey: Guid(c2e975e8a074dff45aee75e580a54344) Importer(815301076,1909f56bfc062723c751e8b465ee728b)
Start importing Assets/Materials/Stylized/Dirt/Dirt_Path_Basecolor.png using Guid(c2e975e8a074dff45aee75e580a54344) Importer(815301076,1909f56bfc062723c751e8b465ee728b)  -> (artifact id: 'c23fa8ac02df81a4459ece5be97d3473') in 0.029161 seconds 
  Import took 0.035729 seconds .

========================================================================
Received Import Request.
  Time since last request: 0.000422 seconds.
  path: Assets/Materials/Stylized/Dirt/Dirt_Path_Height.png
  artifactKey: Guid(97df09d6b5a195f438ae4c5dba98341b) Importer(815301076,1909f56bfc062723c751e8b465ee728b)
Start importing Assets/Materials/Stylized/Dirt/Dirt_Path_Height.png using Guid(97df09d6b5a195f438ae4c5dba98341b) Importer(815301076,1909f56bfc062723c751e8b465ee728b)  -> (artifact id: 'c9cc14ebb56538e2b4dc43d3faf2830c') in 0.034662 seconds 
  Import took 0.041024 seconds .

========================================================================
Received Import Request.
  Time since last request: 0.000414 seconds.
  path: Assets/Materials/Stylized/Dirt/Dirt_Path_Normal.png
  artifactKey: Guid(48c3f9bf0c6c95b4e8a00c6b9a8162be) Importer(815301076,1909f56bfc062723c751e8b465ee728b)
Start importing Assets/Materials/Stylized/Dirt/Dirt_Path_Normal.png using Guid(48c3f9bf0c6c95b4e8a00c6b9a8162be) Importer(815301076,1909f56bfc062723c751e8b465ee728b)  -> (artifact id: '87b6ba3d40db4ddfb77f25710c902df7') in 0.034873 seconds 
  Import took 0.042040 seconds .

========================================================================
Received Import Request.
  Time since last request: 0.000516 seconds.
  path: Assets/Materials/Stylized/Dirt/Dirt_Path_Metallic.png
  artifactKey: Guid(ae87662110a99a64d80a0cb0171f7d5e) Importer(815301076,1909f56bfc062723c751e8b465ee728b)
Start importing Assets/Materials/Stylized/Dirt/Dirt_Path_Metallic.png using Guid(ae87662110a99a64d80a0cb0171f7d5e) Importer(815301076,1909f56bfc062723c751e8b465ee728b)  -> (artifact id: '2fd4b4cb5b689ec536cc05a5a1ab588e') in 0.031236 seconds 
  Import took 0.040076 seconds .

========================================================================
Received Import Request.
  Time since last request: 0.551167 seconds.
  path: Assets/Materials/Stylized/Grass/Grass_Dense_Tint_02_Leaves_A_AO.png
  artifactKey: Guid(59957d2caafe37040ab4e99191f9c6cf) Importer(815301076,1909f56bfc062723c751e8b465ee728b)
Start importing Assets/Materials/Stylized/Grass/Grass_Dense_Tint_02_Leaves_A_AO.png using Guid(59957d2caafe37040ab4e99191f9c6cf) Importer(815301076,1909f56bfc062723c751e8b465ee728b)  -> (artifact id: '2ac69e616d17bb76345eea6383c1f0b6') in 0.032527 seconds 
  Import took 0.041484 seconds .

========================================================================
Received Import Request.
  Time since last request: 0.000466 seconds.
  path: Assets/Materials/Stylized/Grass/Grass_Dense_Tint_02_Leaves_A_Normal.png
  artifactKey: Guid(9ae13c909d9484e4eb0aa286d6774fd8) Importer(815301076,1909f56bfc062723c751e8b465ee728b)
Start importing Assets/Materials/Stylized/Grass/Grass_Dense_Tint_02_Leaves_A_Normal.png using Guid(9ae13c909d9484e4eb0aa286d6774fd8) Importer(815301076,1909f56bfc062723c751e8b465ee728b)  -> (artifact id: '23b293b1900c28a03ebe9547ae376350') in 0.031496 seconds 
  Import took 0.039251 seconds .

========================================================================
Received Import Request.
  Time since last request: 0.000402 seconds.
  path: Assets/Materials/Stylized/Grass/Grass_Dense_Tint_02_Leaves_A_Metallic.png
  artifactKey: Guid(fe3f8e1c9353d3a46bf8548c1956529f) Importer(815301076,1909f56bfc062723c751e8b465ee728b)
Start importing Assets/Materials/Stylized/Grass/Grass_Dense_Tint_02_Leaves_A_Metallic.png using Guid(fe3f8e1c9353d3a46bf8548c1956529f) Importer(815301076,1909f56bfc062723c751e8b465ee728b)  -> (artifact id: '047d8bd916f270e051b8eb5f48c853fb') in 0.035684 seconds 
  Import took 0.045483 seconds .

========================================================================
Received Import Request.
  Time since last request: 0.000395 seconds.
  path: Assets/Materials/Stylized/Grass/Grass_Dense_Tint_02_Leaves_A_Basecolor.png
  artifactKey: Guid(464397aea913d01409f3d8329f26b705) Importer(815301076,1909f56bfc062723c751e8b465ee728b)
Start importing Assets/Materials/Stylized/Grass/Grass_Dense_Tint_02_Leaves_A_Basecolor.png using Guid(464397aea913d01409f3d8329f26b705) Importer(815301076,1909f56bfc062723c751e8b465ee728b)  -> (artifact id: 'd844ff26c6e69a6437667869ebc70a66') in 0.027283 seconds 
  Import took 0.036009 seconds .

========================================================================
Received Import Request.
  Time since last request: 0.000453 seconds.
  path: Assets/Materials/Stylized/Grass/Grass_Dense_Tint_02_Leaves_A_Height.png
  artifactKey: Guid(ddabfb676c2439e46b7d0908befa50eb) Importer(815301076,1909f56bfc062723c751e8b465ee728b)
Start importing Assets/Materials/Stylized/Grass/Grass_Dense_Tint_02_Leaves_A_Height.png using Guid(ddabfb676c2439e46b7d0908befa50eb) Importer(815301076,1909f56bfc062723c751e8b465ee728b)  -> (artifact id: 'e921e3c53319f0077f820d6ed31ae76f') in 0.026269 seconds 
  Import took 0.035490 seconds .

========================================================================
Received Import Request.
  Time since last request: 0.509641 seconds.
  path: Assets/Materials/Stylized/Grass
  artifactKey: Guid(5b45e5c3708a5f241930aec77af90fe5) Importer(815301076,1909f56bfc062723c751e8b465ee728b)
Start importing Assets/Materials/Stylized/Grass using Guid(5b45e5c3708a5f241930aec77af90fe5) Importer(815301076,1909f56bfc062723c751e8b465ee728b)  -> (artifact id: '266682e9a9dc898d2a382369a5b2bce3') in 0.010937 seconds 
  Import took 0.018492 seconds .

========================================================================
Received Import Request.
  Time since last request: 5.896587 seconds.
  path: Assets/Materials/Stylized/Grass/grass.mat
  artifactKey: Guid(1596612b5505cb0468adda5b72a89647) Importer(815301076,1909f56bfc062723c751e8b465ee728b)
Start importing Assets/Materials/Stylized/Grass/grass.mat using Guid(1596612b5505cb0468adda5b72a89647) Importer(815301076,1909f56bfc062723c751e8b465ee728b)  -> (artifact id: '6b826c422ddb282043149e2efbd7b74a') in 0.030496 seconds 
  Import took 0.044453 seconds .

========================================================================
Received Import Request.
  Time since last request: 74.423365 seconds.
  path: Assets/Materials/Stylized/Brick/brivk.mat
  artifactKey: Guid(0a161db13ec22f745a1bc86d494a6116) Importer(815301076,1909f56bfc062723c751e8b465ee728b)
Start importing Assets/Materials/Stylized/Brick/brivk.mat using Guid(0a161db13ec22f745a1bc86d494a6116) Importer(815301076,1909f56bfc062723c751e8b465ee728b)  -> (artifact id: 'd370804bf50fca08705b167590c19ec3') in 0.044859 seconds 
  Import took 0.051577 seconds .

========================================================================
Received Import Request.
  Time since last request: 1.388814 seconds.
  path: Assets/Materials/Stylized/Rock/Rock_Volcanic_C_AO.png
  artifactKey: Guid(510237fea2ab4704ab5c5a0b5946020a) Importer(815301076,1909f56bfc062723c751e8b465ee728b)
Start importing Assets/Materials/Stylized/Rock/Rock_Volcanic_C_AO.png using Guid(510237fea2ab4704ab5c5a0b5946020a) Importer(815301076,1909f56bfc062723c751e8b465ee728b)  -> (artifact id: '8b18779eee0883501ae5d67f9d069337') in 0.029039 seconds 
  Import took 0.035832 seconds .

========================================================================
Received Import Request.
  Time since last request: 0.000339 seconds.
  path: Assets/Materials/Stylized/Rock/Rock_Volcanic_C_Metallic.png
  artifactKey: Guid(6f6d30f2b1eb4e04e8e9277f5fe0fde4) Importer(815301076,1909f56bfc062723c751e8b465ee728b)
Start importing Assets/Materials/Stylized/Rock/Rock_Volcanic_C_Metallic.png using Guid(6f6d30f2b1eb4e04e8e9277f5fe0fde4) Importer(815301076,1909f56bfc062723c751e8b465ee728b)  -> (artifact id: '6301ed3b434ae1bc191100660ddb1284') in 0.051190 seconds 
  Import took 0.057691 seconds .

========================================================================
Received Import Request.
  Time since last request: 0.000391 seconds.
  path: Assets/Materials/Stylized/Rock/Rock_Volcanic_C_Normal.png
  artifactKey: Guid(deca3a760cbc7544a905fd00cdef71e9) Importer(815301076,1909f56bfc062723c751e8b465ee728b)
Start importing Assets/Materials/Stylized/Rock/Rock_Volcanic_C_Normal.png using Guid(deca3a760cbc7544a905fd00cdef71e9) Importer(815301076,1909f56bfc062723c751e8b465ee728b)  -> (artifact id: '663e5111f6c8d5b0a01c0aed11d102ce') in 0.035330 seconds 
  Import took 0.043345 seconds .

========================================================================
Received Import Request.
  Time since last request: 0.000421 seconds.
  path: Assets/Materials/Stylized/Rock/Rock_Volcanic_C_Basecolor.png
  artifactKey: Guid(feea2cf97829c484a9cecfa8a63aba3e) Importer(815301076,1909f56bfc062723c751e8b465ee728b)
Start importing Assets/Materials/Stylized/Rock/Rock_Volcanic_C_Basecolor.png using Guid(feea2cf97829c484a9cecfa8a63aba3e) Importer(815301076,1909f56bfc062723c751e8b465ee728b)  -> (artifact id: '675df6204648d30fdd7de8829b8fb2b2') in 0.029346 seconds 
  Import took 0.036880 seconds .

========================================================================
Received Import Request.
  Time since last request: 0.000630 seconds.
  path: Assets/Materials/Stylized/Rock/Rock_Volcanic_C_Height.png
  artifactKey: Guid(fc7bf058101db524e9667f074d338ab2) Importer(815301076,1909f56bfc062723c751e8b465ee728b)
Start importing Assets/Materials/Stylized/Rock/Rock_Volcanic_C_Height.png using Guid(fc7bf058101db524e9667f074d338ab2) Importer(815301076,1909f56bfc062723c751e8b465ee728b)  -> (artifact id: 'efe6c6c734b9df37345f96ad5557d98a') in 0.028024 seconds 
  Import took 0.035795 seconds .

========================================================================
Received Import Request.
  Time since last request: 1.190287 seconds.
  path: Assets/Materials/Stylized/Rock
  artifactKey: Guid(505b963b243a0ef44be8793d93c2cc8b) Importer(815301076,1909f56bfc062723c751e8b465ee728b)
Start importing Assets/Materials/Stylized/Rock using Guid(505b963b243a0ef44be8793d93c2cc8b) Importer(815301076,1909f56bfc062723c751e8b465ee728b)  -> (artifact id: '2d0cb813152933e117e690a1fe23a585') in 0.014930 seconds 
  Import took 0.026060 seconds .

========================================================================
Received Import Request.
  Time since last request: 7.876913 seconds.
  path: Assets/Materials/Stylized/Rock/rock.mat
  artifactKey: Guid(8c8a3b609476e4a44bed4a6a1a12f3d6) Importer(815301076,1909f56bfc062723c751e8b465ee728b)
Start importing Assets/Materials/Stylized/Rock/rock.mat using Guid(8c8a3b609476e4a44bed4a6a1a12f3d6) Importer(815301076,1909f56bfc062723c751e8b465ee728b)  -> (artifact id: '81f0acd9965b5f099cf740b52967b1da') in 0.018395 seconds 
  Import took 0.026668 seconds .

========================================================================
Received Import Request.
  Time since last request: 1046.827095 seconds.
  path: Assets/Materials/Stylized/Grass/grass.mat
  artifactKey: Guid(1596612b5505cb0468adda5b72a89647) Importer(815301076,1909f56bfc062723c751e8b465ee728b)
Start importing Assets/Materials/Stylized/Grass/grass.mat using Guid(1596612b5505cb0468adda5b72a89647) Importer(815301076,1909f56bfc062723c751e8b465ee728b)  -> (artifact id: 'c6c49b15bc45397850b73d5d09b175b0') in 0.080408 seconds 
  Import took 0.090745 seconds .

========================================================================
Received Import Request.
  Time since last request: 6.416015 seconds.
  path: Assets/Materials/Special/Splatter
  artifactKey: Guid(61e4e128fe496b040afc1758b4c5569b) Importer(815301076,1909f56bfc062723c751e8b465ee728b)
Start importing Assets/Materials/Special/Splatter using Guid(61e4e128fe496b040afc1758b4c5569b) Importer(815301076,1909f56bfc062723c751e8b465ee728b)  -> (artifact id: 'a7e61dbd0cf7a3c1240d4a23fc904865') in 0.012375 seconds 
  Import took 0.021500 seconds .

========================================================================
Received Import Request.
  Time since last request: 19.987113 seconds.
  path: Assets/Materials/Special/Splatter/splatter.mat
  artifactKey: Guid(861700bde3a80a14d81b53226a8fa3ba) Importer(815301076,1909f56bfc062723c751e8b465ee728b)
Start importing Assets/Materials/Special/Splatter/splatter.mat using Guid(861700bde3a80a14d81b53226a8fa3ba) Importer(815301076,1909f56bfc062723c751e8b465ee728b)  -> (artifact id: '3f442708ffdf6f86a5cb1b49c82484dd') in 0.030394 seconds 
  Import took 0.039834 seconds .

========================================================================
Received Import Request.
  Time since last request: 44792.155627 seconds.
  path: Assets/Materials/Realistic/Stone/stone.mat
  artifactKey: Guid(8a0335910afb3784fbc9925fde7ff6c7) Importer(815301076,1909f56bfc062723c751e8b465ee728b)
Start importing Assets/Materials/Realistic/Stone/stone.mat using Guid(8a0335910afb3784fbc9925fde7ff6c7) Importer(815301076,1909f56bfc062723c751e8b465ee728b)  -> (artifact id: '0c9173e1d3672b28a6eda7ae670457fd') in 0.170982 seconds 
  Import took 0.184322 seconds .

========================================================================
Received Import Request.
  Time since last request: 55.182960 seconds.
  path: Assets/Materials/Realistic/RedMud/red mud.mat
  artifactKey: Guid(c0d13fae060e2804780a6b947f40f932) Importer(815301076,1909f56bfc062723c751e8b465ee728b)
Start importing Assets/Materials/Realistic/RedMud/red mud.mat using Guid(c0d13fae060e2804780a6b947f40f932) Importer(815301076,1909f56bfc062723c751e8b465ee728b)  -> (artifact id: '1c1f93e4d884723f4841f2c6e1156844') in 0.107340 seconds 
  Import took 0.116256 seconds .

========================================================================
Received Import Request.
  Time since last request: 11.415570 seconds.
  path: Assets/Materials/Realistic/CobbleStone/pebble.mat
  artifactKey: Guid(0e283dba086a4f045b5543b5a7c17dc5) Importer(815301076,1909f56bfc062723c751e8b465ee728b)
Start importing Assets/Materials/Realistic/CobbleStone/pebble.mat using Guid(0e283dba086a4f045b5543b5a7c17dc5) Importer(815301076,1909f56bfc062723c751e8b465ee728b)  -> (artifact id: 'cf8a92f8b44e2155a5395c182009753d') in 0.144401 seconds 
  Import took 0.154114 seconds .

