Using pre-set license
Built from '2020.3/staging' branch; Version is '2020.3.17f1 (a4537701e4ab) revision 10769271'; Using compiler version '192528614'; Build Type 'Release'
OS: 'Windows 10 Pro; OS build 19042.1165; Version 2009; 64bit' Language: 'en' Physical Memory: 8109 MB
BatchMode: 1, IsHumanControllingUs: 0, StartBugReporterOnCrash: 0, Is64bit: 1, IsPro: 0

COMMAND LINE ARGUMENTS:
C:\Program Files\Unity\Hub\Editor\2020.3.17f1\Editor\Unity.exe
-adb2
-batchMode
-noUpm
-name
AssetImportWorker0
-projectPath
C:/Users/Hazel Yuan/Documents/GitHub/AR-Lab/Material Lab
-logFile
Logs/AssetImportWorker0.log
-srvPort
61988
Successfully changed project path to: C:/Users/Hazel Yuan/Documents/GitHub/AR-Lab/Material Lab
C:/Users/Hazel Yuan/Documents/GitHub/AR-Lab/Material Lab
Using Asset Import Pipeline V2.
Refreshing native plugins compatible for Editor in 391.83 ms, found 2 plugins.
Preloading 0 native plugins for Editor in 0.00 ms.
Initialize engine version: 2020.3.17f1 (a4537701e4ab)
[Subsystems] Discovering subsystems at path C:/Program Files/Unity/Hub/Editor/2020.3.17f1/Editor/Data/Resources/UnitySubsystems
[Subsystems] Discovering subsystems at path C:/Users/Hazel Yuan/Documents/GitHub/AR-Lab/Material Lab/Assets
GfxDevice: creating device client; threaded=0
Direct3D:
    Version:  Direct3D 11.0 [level 11.1]
    Renderer: NVIDIA GeForce GTX 1050 (ID=0x1c8d)
    Vendor:   
    VRAM:     1979 MB
    Driver:   27.21.14.6140
Initialize mono
Mono path[0] = 'C:/Program Files/Unity/Hub/Editor/2020.3.17f1/Editor/Data/Managed'
Mono path[1] = 'C:/Program Files/Unity/Hub/Editor/2020.3.17f1/Editor/Data/MonoBleedingEdge/lib/mono/unityjit'
Mono config path = 'C:/Program Files/Unity/Hub/Editor/2020.3.17f1/Editor/Data/MonoBleedingEdge/etc'
Using monoOptions --debugger-agent=transport=dt_socket,embedding=1,server=y,suspend=n,address=127.0.0.1:56260
Begin MonoManager ReloadAssembly
Registering precompiled unity dll's ...
Register platform support module: C:/Program Files/Unity/Hub/Editor/2020.3.17f1/Editor/Data/PlaybackEngines/WebGLSupport/UnityEditor.WebGL.Extensions.dll
Register platform support module: C:/Program Files/Unity/Hub/Editor/2020.3.17f1/Editor/Data/PlaybackEngines/WindowsStandaloneSupport/UnityEditor.WindowsStandalone.Extensions.dll
Registered in 0.018480 seconds.
Native extension for WindowsStandalone target not found
Native extension for WebGL target not found
Refreshing native plugins compatible for Editor in 189.49 ms, found 2 plugins.
Preloading 0 native plugins for Editor in 0.00 ms.
Mono: successfully reloaded assembly
- Completed reload, in  7.156 seconds
Domain Reload Profiling:
	ReloadAssembly (7157ms)
		BeginReloadAssembly (263ms)
			ExecutionOrderSort (0ms)
			DisableScriptedObjects (0ms)
			BackupInstance (0ms)
			ReleaseScriptingObjects (0ms)
			CreateAndSetChildDomain (5ms)
		EndReloadAssembly (1530ms)
			LoadAssemblies (253ms)
			RebuildTransferFunctionScriptingTraits (1ms)
			SetupTypeCache (655ms)
			ReleaseScriptCaches (0ms)
			RebuildScriptCaches (107ms)
			SetupLoadedEditorAssemblies (586ms)
				LogAssemblyErrors (0ms)
				InitializePlatformSupportModulesInManaged (11ms)
				SetLoadedEditorAssemblies (0ms)
				RefreshPlugins (190ms)
				BeforeProcessingInitializeOnLoad (31ms)
				ProcessInitializeOnLoadAttributes (253ms)
				ProcessInitializeOnLoadMethodAttributes (100ms)
				AfterProcessingInitializeOnLoad (0ms)
				EditorAssembliesLoaded (1ms)
			ExecutionOrderSort2 (0ms)
			AwakeInstancesAfterBackupRestoration (0ms)
Platform modules already initialized, skipping
Registering precompiled user dll's ...
Registered in 0.031581 seconds.
Begin MonoManager ReloadAssembly
Native extension for WindowsStandalone target not found
Native extension for WebGL target not found
Refreshing native plugins compatible for Editor in 143.13 ms, found 2 plugins.
Preloading 0 native plugins for Editor in 0.00 ms.
Mono: successfully reloaded assembly
- Completed reload, in  4.812 seconds
Domain Reload Profiling:
	ReloadAssembly (4815ms)
		BeginReloadAssembly (677ms)
			ExecutionOrderSort (0ms)
			DisableScriptedObjects (22ms)
			BackupInstance (0ms)
			ReleaseScriptingObjects (0ms)
			CreateAndSetChildDomain (68ms)
		EndReloadAssembly (3845ms)
			LoadAssemblies (506ms)
			RebuildTransferFunctionScriptingTraits (0ms)
			SetupTypeCache (1274ms)
			ReleaseScriptCaches (1ms)
			RebuildScriptCaches (165ms)
			SetupLoadedEditorAssemblies (1553ms)
				LogAssemblyErrors (0ms)
				InitializePlatformSupportModulesInManaged (16ms)
				SetLoadedEditorAssemblies (1ms)
				RefreshPlugins (143ms)
				BeforeProcessingInitializeOnLoad (253ms)
				ProcessInitializeOnLoadAttributes (1099ms)
				ProcessInitializeOnLoadMethodAttributes (14ms)
				AfterProcessingInitializeOnLoad (26ms)
				EditorAssembliesLoaded (1ms)
			ExecutionOrderSort2 (0ms)
			AwakeInstancesAfterBackupRestoration (24ms)
Platform modules already initialized, skipping
========================================================================
Worker process is ready to serve import requests
Launched and connected shader compiler UnityShaderCompiler.exe after 0.21 seconds
Refreshing native plugins compatible for Editor in 1.85 ms, found 2 plugins.
Preloading 0 native plugins for Editor in 0.00 ms.
Unloading 3091 Unused Serialized files (Serialized files now loaded: 0)
System memory in use before: 139.1 MB.
System memory in use after: 139.3 MB.

Unloading 20 unused Assets to reduce memory usage. Loaded Objects now: 3527.
Total: 11.516200 ms (FindLiveObjects: 0.855500 ms CreateObjectMapping: 0.464900 ms MarkObjects: 9.867200 ms  DeleteObjects: 0.325800 ms)

AssetImportParameters requested are different than current active one (requested -> active):
  custom:framework-win-MediaFoundation: 216162199b28c13a410421893ffa2e32 -> 
  custom:video-decoder-ogg-theora: a1e56fd34408186e4bbccfd4996cb3dc -> 
  custom:container-muxer-webm: aa71ff27fc2769a1b78a27578f13a17b -> 
  custom:container-demuxer-webm: 4f35f7cbe854078d1ac9338744f61a02 -> 
  custom:container-demuxer-ogg: 62fdf1f143b41e24485cea50d1cbac27 -> 
  custom:video-encoder-webm-vp8: eb34c28f22e8b96e1ab97ce403110664 -> 
  custom:video-codec-MediaFoundation-h265: 746d11721c4dcdbdad8f713fa42b33f4 -> 
  custom:video-decoder-webm-vp8: 9c59270c3fd7afecdb556c50c9e8de78 -> 
  custom:audio-decoder-ogg-vorbis: bf7c407c2cedff20999df2af8eb42d56 -> 
  custom:audio-encoder-webm-vorbis: bf7c407c2cedff20999df2af8eb42d56 -> 
========================================================================
Received Import Request.
  path: Assets/Materials/Special/Splatter/splatter.mat
  artifactKey: Guid(861700bde3a80a14d81b53226a8fa3ba) Importer(815301076,1909f56bfc062723c751e8b465ee728b)
Start importing Assets/Materials/Special/Splatter/splatter.mat using Guid(861700bde3a80a14d81b53226a8fa3ba) Importer(815301076,1909f56bfc062723c751e8b465ee728b)  -> (artifact id: '600a9984c6a9e0ada2d55e9e18efce38') in 0.972781 seconds 
  Import took 0.995641 seconds .

========================================================================
Received Prepare
Registering precompiled user dll's ...
Registered in 0.024042 seconds.
Begin MonoManager ReloadAssembly
Native extension for WindowsStandalone target not found
Native extension for WebGL target not found
Refreshing native plugins compatible for Editor in 0.73 ms, found 2 plugins.
Preloading 0 native plugins for Editor in 0.00 ms.
Mono: successfully reloaded assembly
- Completed reload, in  1.432 seconds
Domain Reload Profiling:
	ReloadAssembly (1433ms)
		BeginReloadAssembly (209ms)
			ExecutionOrderSort (0ms)
			DisableScriptedObjects (6ms)
			BackupInstance (0ms)
			ReleaseScriptingObjects (0ms)
			CreateAndSetChildDomain (55ms)
		EndReloadAssembly (1148ms)
			LoadAssemblies (162ms)
			RebuildTransferFunctionScriptingTraits (0ms)
			SetupTypeCache (340ms)
			ReleaseScriptCaches (1ms)
			RebuildScriptCaches (49ms)
			SetupLoadedEditorAssemblies (434ms)
				LogAssemblyErrors (0ms)
				InitializePlatformSupportModulesInManaged (6ms)
				SetLoadedEditorAssemblies (0ms)
				RefreshPlugins (1ms)
				BeforeProcessingInitializeOnLoad (78ms)
				ProcessInitializeOnLoadAttributes (337ms)
				ProcessInitializeOnLoadMethodAttributes (4ms)
				AfterProcessingInitializeOnLoad (8ms)
				EditorAssembliesLoaded (0ms)
			ExecutionOrderSort2 (0ms)
			AwakeInstancesAfterBackupRestoration (19ms)
Platform modules already initialized, skipping
Refreshing native plugins compatible for Editor in 0.76 ms, found 2 plugins.
Preloading 0 native plugins for Editor in 0.00 ms.
Unloading 2970 Unused Serialized files (Serialized files now loaded: 0)
System memory in use before: 137.2 MB.
System memory in use after: 137.4 MB.

Unloading 15 unused Assets to reduce memory usage. Loaded Objects now: 3618.
Total: 4.065100 ms (FindLiveObjects: 0.350100 ms CreateObjectMapping: 0.186000 ms MarkObjects: 3.440200 ms  DeleteObjects: 0.087900 ms)

AssetImportParameters requested are different than current active one (requested -> active):
  custom:framework-win-MediaFoundation: 216162199b28c13a410421893ffa2e32 -> 
  custom:video-decoder-ogg-theora: a1e56fd34408186e4bbccfd4996cb3dc -> 
  custom:container-muxer-webm: aa71ff27fc2769a1b78a27578f13a17b -> 
  custom:container-demuxer-webm: 4f35f7cbe854078d1ac9338744f61a02 -> 
  custom:container-demuxer-ogg: 62fdf1f143b41e24485cea50d1cbac27 -> 
  custom:video-encoder-webm-vp8: eb34c28f22e8b96e1ab97ce403110664 -> 
  custom:video-codec-MediaFoundation-h265: 746d11721c4dcdbdad8f713fa42b33f4 -> 
  custom:video-decoder-webm-vp8: 9c59270c3fd7afecdb556c50c9e8de78 -> 
  custom:audio-decoder-ogg-vorbis: bf7c407c2cedff20999df2af8eb42d56 -> 
  custom:audio-encoder-webm-vorbis: bf7c407c2cedff20999df2af8eb42d56 -> 
========================================================================
Received Import Request.
  Time since last request: 1394.204180 seconds.
  path: Assets/Materials/Realistic/Asphalt/Materials/AsphaltDiffuse.mat
  artifactKey: Guid(fc273f18cd5725447ab8b8596d254eaa) Importer(815301076,1909f56bfc062723c751e8b465ee728b)
Start importing Assets/Materials/Realistic/Asphalt/Materials/AsphaltDiffuse.mat using Guid(fc273f18cd5725447ab8b8596d254eaa) Importer(815301076,1909f56bfc062723c751e8b465ee728b)  -> (artifact id: '288cc792a56b4d5033006fadfef403c7') in 0.270116 seconds 
  Import took 0.279812 seconds .

========================================================================
Received Import Request.
  Time since last request: 0.000692 seconds.
  path: Assets/Materials/Realistic/Asphalt/Materials/AsphaltNormalMap.mat
  artifactKey: Guid(aac002995f43ff54fb87e7cad863cd6f) Importer(815301076,1909f56bfc062723c751e8b465ee728b)
Start importing Assets/Materials/Realistic/Asphalt/Materials/AsphaltNormalMap.mat using Guid(aac002995f43ff54fb87e7cad863cd6f) Importer(815301076,1909f56bfc062723c751e8b465ee728b)  -> (artifact id: 'ac898d2aab492a5b9364cbc12cce9b62') in 0.085921 seconds 
  Import took 0.093438 seconds .

========================================================================
Received Import Request.
  Time since last request: 605.271891 seconds.
  path: Assets/Scenes/Lighting.unity
  artifactKey: Guid(1b9ba3915e51c7c49b174c9c1b898776) Importer(815301076,1909f56bfc062723c751e8b465ee728b)
Start importing Assets/Scenes/Lighting.unity using Guid(1b9ba3915e51c7c49b174c9c1b898776) Importer(815301076,1909f56bfc062723c751e8b465ee728b)  -> (artifact id: 'd2a51000b490785c09e8dc8d20d07e4e') in 0.012616 seconds 
  Import took 0.022591 seconds .

========================================================================
Received Import Request.
  Time since last request: 536.670376 seconds.
  path: Assets/Scenes/Materials.unity
  artifactKey: Guid(c8fc420beba843c4f826768aa7d7778b) Importer(815301076,1909f56bfc062723c751e8b465ee728b)
Start importing Assets/Scenes/Materials.unity using Guid(c8fc420beba843c4f826768aa7d7778b) Importer(815301076,1909f56bfc062723c751e8b465ee728b)  -> (artifact id: 'f5c377531556385b13921318a6bdaac3') in 0.015794 seconds 
  Import took 0.026576 seconds .

========================================================================
Received Import Request.
  Time since last request: 4.448299 seconds.
  path: Assets/Materials/Realistic/Stone/stone.mat
  artifactKey: Guid(8a0335910afb3784fbc9925fde7ff6c7) Importer(815301076,1909f56bfc062723c751e8b465ee728b)
Start importing Assets/Materials/Realistic/Stone/stone.mat using Guid(8a0335910afb3784fbc9925fde7ff6c7) Importer(815301076,1909f56bfc062723c751e8b465ee728b)  -> (artifact id: '0cfff1f878e16f901d948dab4503d0fa') in 0.139982 seconds 
  Import took 0.150732 seconds .

========================================================================
Received Import Request.
  Time since last request: 354.337343 seconds.
  path: Assets/Materials/Fabric/denim_fabric_ao_4k.png
  artifactKey: Guid(5944794c63b3e1e419ebac482317368a) Importer(815301076,1909f56bfc062723c751e8b465ee728b)
Start importing Assets/Materials/Fabric/denim_fabric_ao_4k.png using Guid(5944794c63b3e1e419ebac482317368a) Importer(815301076,1909f56bfc062723c751e8b465ee728b)  -> (artifact id: '1eac191b81f46e3c014ff189f877ab84') in 0.064921 seconds 
  Import took 0.075440 seconds .

========================================================================
Received Import Request.
  Time since last request: 0.000419 seconds.
  path: Assets/Materials/Fabric/denim_fabric_nor_gl_4k.png
  artifactKey: Guid(2521d5da9b8b0a4408c67f9dba4721af) Importer(815301076,1909f56bfc062723c751e8b465ee728b)
Start importing Assets/Materials/Fabric/denim_fabric_nor_gl_4k.png using Guid(2521d5da9b8b0a4408c67f9dba4721af) Importer(815301076,1909f56bfc062723c751e8b465ee728b)  -> (artifact id: 'd6e59a4eee9ffb812eee2b8e8efcb940') in 0.025932 seconds 
  Import took 0.032920 seconds .

========================================================================
Received Import Request.
  Time since last request: 0.000334 seconds.
  path: Assets/Materials/Fabric/denim_fabric_arm_4k.png
  artifactKey: Guid(00844839c00822f429109d406f7520a7) Importer(815301076,1909f56bfc062723c751e8b465ee728b)
Start importing Assets/Materials/Fabric/denim_fabric_arm_4k.png using Guid(00844839c00822f429109d406f7520a7) Importer(815301076,1909f56bfc062723c751e8b465ee728b)  -> (artifact id: '3057c1422558cd7d9165d093185d4b36') in 0.030527 seconds 
  Import took 0.040588 seconds .

========================================================================
Received Import Request.
  Time since last request: 6.975551 seconds.
  path: Assets/Materials/Fabric/denim_fabric_diff_4k.png
  artifactKey: Guid(2c2a03eeda0e6a84485fa257ecbf6411) Importer(815301076,1909f56bfc062723c751e8b465ee728b)
Start importing Assets/Materials/Fabric/denim_fabric_diff_4k.png using Guid(2c2a03eeda0e6a84485fa257ecbf6411) Importer(815301076,1909f56bfc062723c751e8b465ee728b)  -> (artifact id: 'aa5af8adb7bd0e9ee9d2cf48b3fcf9c9') in 0.036140 seconds 
  Import took 0.044687 seconds .

========================================================================
Received Import Request.
  Time since last request: 8.478290 seconds.
  path: Assets/Materials/Fabric/New Material.mat
  artifactKey: Guid(0a2b594311cad4d42b3bcba1f7e951b7) Importer(815301076,1909f56bfc062723c751e8b465ee728b)
Start importing Assets/Materials/Fabric/New Material.mat using Guid(0a2b594311cad4d42b3bcba1f7e951b7) Importer(815301076,1909f56bfc062723c751e8b465ee728b)  -> (artifact id: 'de2e2c1e1fd8123e0cf1ba9c43448174') in 0.028273 seconds 
  Import took 0.036494 seconds .

========================================================================
Received Import Request.
  Time since last request: 319.522378 seconds.
  path: Assets/Materials/Unlit Arrow.mat
  artifactKey: Guid(c5e6cafdd268bce4e90385b17879fff6) Importer(815301076,1909f56bfc062723c751e8b465ee728b)
Start importing Assets/Materials/Unlit Arrow.mat using Guid(c5e6cafdd268bce4e90385b17879fff6) Importer(815301076,1909f56bfc062723c751e8b465ee728b)  -> (artifact id: '44ca210dfbc47564f32c046e519f4eb6') in 0.038800 seconds 
  Import took 0.046687 seconds .

========================================================================
Received Import Request.
  Time since last request: 189.359205 seconds.
  path: Assets/AllSkyFree/Cold Night/Cold Night Equirect.mat
  artifactKey: Guid(eac2ef371405749e0bd050b4c3272f16) Importer(815301076,1909f56bfc062723c751e8b465ee728b)
Start importing Assets/AllSkyFree/Cold Night/Cold Night Equirect.mat using Guid(eac2ef371405749e0bd050b4c3272f16) Importer(815301076,1909f56bfc062723c751e8b465ee728b)  -> (artifact id: 'f776b78042aa60127c49d4e82c9301ee') in 0.084440 seconds 
  Import took 0.093844 seconds .

========================================================================
Received Import Request.
  Time since last request: 0.000351 seconds.
  path: Assets/AllSkyFree/Cold Night/Cold Night Equirect.png
  artifactKey: Guid(97259d0c0ea9f491692be825da27978a) Importer(815301076,1909f56bfc062723c751e8b465ee728b)
Start importing Assets/AllSkyFree/Cold Night/Cold Night Equirect.png using Guid(97259d0c0ea9f491692be825da27978a) Importer(815301076,1909f56bfc062723c751e8b465ee728b)  -> (artifact id: '98c2e6e4e96776ec364bd8db7504389c') in 0.583687 seconds 
  Import took 0.591285 seconds .

========================================================================
Received Import Request.
  Time since last request: 1840.077151 seconds.
  path: Assets/Settings/UniversalRenderPipelineAsset.asset
  artifactKey: Guid(a8f07cb529d013a4a8384944226ae684) Importer(815301076,1909f56bfc062723c751e8b465ee728b)
Start importing Assets/Settings/UniversalRenderPipelineAsset.asset using Guid(a8f07cb529d013a4a8384944226ae684) Importer(815301076,1909f56bfc062723c751e8b465ee728b)  -> (artifact id: '44424b9df9b57c28d15311cf8cf02aea') in 0.032240 seconds 
  Import took 0.079447 seconds .

========================================================================
Received Import Request.
  Time since last request: 139.724006 seconds.
  path: Assets/AtmosphericHouse/Meshes/Meshes_props/Book_set_A.FBX
  artifactKey: Guid(70ca7756b3c989949be69d9ffb55f227) Importer(815301076,1909f56bfc062723c751e8b465ee728b)
Start importing Assets/AtmosphericHouse/Meshes/Meshes_props/Book_set_A.FBX using Guid(70ca7756b3c989949be69d9ffb55f227) Importer(815301076,1909f56bfc062723c751e8b465ee728b)  -> (artifact id: '3939e008979736617f30b38c3e4c6527') in 0.631939 seconds 
  Import took 0.640037 seconds .

========================================================================
Received Import Request.
  Time since last request: 0.000389 seconds.
  path: Assets/AtmosphericHouse/Prefabs/Props/Electronics/Computer_mousepad.prefab
  artifactKey: Guid(f70d9393a9629594789a442e47a124d4) Importer(815301076,1909f56bfc062723c751e8b465ee728b)
Start importing Assets/AtmosphericHouse/Prefabs/Props/Electronics/Computer_mousepad.prefab using Guid(f70d9393a9629594789a442e47a124d4) Importer(815301076,1909f56bfc062723c751e8b465ee728b)  -> (artifact id: 'cae988aec3ba4d4196f4e18229351b09') in 0.083274 seconds 
  Import took 0.089666 seconds .

========================================================================
Received Import Request.
  Time since last request: 0.000309 seconds.
  path: Packages/com.unity.render-pipelines.core/Runtime/Debugging/Prefabs/Widgets/DebugUI EnumHistory.prefab
  artifactKey: Guid(b2da6b27df236b144b3516ed8e7d36ac) Importer(815301076,1909f56bfc062723c751e8b465ee728b)
Start importing Packages/com.unity.render-pipelines.core/Runtime/Debugging/Prefabs/Widgets/DebugUI EnumHistory.prefab using Guid(b2da6b27df236b144b3516ed8e7d36ac) Importer(815301076,1909f56bfc062723c751e8b465ee728b)  -> (artifact id: 'c1d75623c3cdbc8d9b2cf9be35ac4bd9') in 0.048895 seconds 
  Import took 0.058066 seconds .

========================================================================
Received Import Request.
  Time since last request: 0.000377 seconds.
  path: Assets/AtmosphericHouse/Meshes/Meshes_props/Computer_mouse.FBX
  artifactKey: Guid(eaf252a8876abab40bc7ad4cd05197f9) Importer(815301076,1909f56bfc062723c751e8b465ee728b)
Start importing Assets/AtmosphericHouse/Meshes/Meshes_props/Computer_mouse.FBX using Guid(eaf252a8876abab40bc7ad4cd05197f9) Importer(815301076,1909f56bfc062723c751e8b465ee728b)  -> (artifact id: 'c1792e0ea62bbe94a8f6bf8e868f5afa') in 0.050750 seconds 
  Import took 0.058051 seconds .

========================================================================
Received Import Request.
  Time since last request: 0.000370 seconds.
  path: Assets/AtmosphericHouse/Meshes/Meshes_props/Side_table_C.FBX
  artifactKey: Guid(23bc8c615617d8747a3acc665d75df35) Importer(815301076,1909f56bfc062723c751e8b465ee728b)
Start importing Assets/AtmosphericHouse/Meshes/Meshes_props/Side_table_C.FBX using Guid(23bc8c615617d8747a3acc665d75df35) Importer(815301076,1909f56bfc062723c751e8b465ee728b)  -> (artifact id: '6fee85e40d6b2b055657f392e3962199') in 0.071667 seconds 
  Import took 0.080037 seconds .

========================================================================
Received Import Request.
  Time since last request: 0.000392 seconds.
  path: Assets/AtmosphericHouse/Meshes/Meshes_props/Sofa_2seat.FBX
  artifactKey: Guid(0ba5c36ccc5c5a14ab7bd6c3a0cce24f) Importer(815301076,1909f56bfc062723c751e8b465ee728b)
Start importing Assets/AtmosphericHouse/Meshes/Meshes_props/Sofa_2seat.FBX using Guid(0ba5c36ccc5c5a14ab7bd6c3a0cce24f) Importer(815301076,1909f56bfc062723c751e8b465ee728b)  -> (artifact id: '98a52504bfbe9bd24fb0f15b8ca2b704') in 0.066452 seconds 
  Import took 0.074337 seconds .

========================================================================
Received Import Request.
  Time since last request: 0.000371 seconds.
  path: Assets/AtmosphericHouse/Meshes/Meshes_props/Pencil_holder.FBX
  artifactKey: Guid(42ddaf584b714e5459066ae28838e683) Importer(815301076,1909f56bfc062723c751e8b465ee728b)
Start importing Assets/AtmosphericHouse/Meshes/Meshes_props/Pencil_holder.FBX using Guid(42ddaf584b714e5459066ae28838e683) Importer(815301076,1909f56bfc062723c751e8b465ee728b)  -> (artifact id: 'b6750fc1decde68cf754023947ee4ced') in 0.067632 seconds 
  Import took 0.074865 seconds .

========================================================================
Received Import Request.
  Time since last request: 0.000332 seconds.
  path: Packages/com.unity.render-pipelines.core/Runtime/Debugging/Prefabs/Widgets/DebugUI ToggleHistory.prefab
  artifactKey: Guid(5088d0220f0c4df439cf06c5c270eacb) Importer(815301076,1909f56bfc062723c751e8b465ee728b)
Start importing Packages/com.unity.render-pipelines.core/Runtime/Debugging/Prefabs/Widgets/DebugUI ToggleHistory.prefab using Guid(5088d0220f0c4df439cf06c5c270eacb) Importer(815301076,1909f56bfc062723c751e8b465ee728b)  -> (artifact id: '588fc6e2257e497e98bd96ca14e72749') in 0.051397 seconds 
  Import took 0.058504 seconds .

========================================================================
Received Import Request.
  Time since last request: 0.000530 seconds.
  path: Assets/AtmosphericHouse/Prefabs/Props/Lamps/Lamp_ceiling_round.prefab
  artifactKey: Guid(4e27f85933c44cc42893d4a4312fdf5f) Importer(815301076,1909f56bfc062723c751e8b465ee728b)
Start importing Assets/AtmosphericHouse/Prefabs/Props/Lamps/Lamp_ceiling_round.prefab using Guid(4e27f85933c44cc42893d4a4312fdf5f) Importer(815301076,1909f56bfc062723c751e8b465ee728b)  -> (artifact id: 'cf516d987526edcea164152ead185d06') in 0.419631 seconds 
  Import took 0.426166 seconds .

========================================================================
Received Import Request.
  Time since last request: 0.000370 seconds.
  path: Assets/AtmosphericHouse/Meshes/Meshes_props/Magazine_A.FBX
  artifactKey: Guid(9039e504a94a4bb4d9afe8d7b25b6e1a) Importer(815301076,1909f56bfc062723c751e8b465ee728b)
Start importing Assets/AtmosphericHouse/Meshes/Meshes_props/Magazine_A.FBX using Guid(9039e504a94a4bb4d9afe8d7b25b6e1a) Importer(815301076,1909f56bfc062723c751e8b465ee728b)  -> (artifact id: 'e9edb41daa10c377eff36e225628778d') in 0.060487 seconds 
  Import took 0.066405 seconds .

========================================================================
Received Import Request.
  Time since last request: 0.000348 seconds.
  path: Assets/AtmosphericHouse/Meshes/Meshes_props/Side_table_C_drawer.FBX
  artifactKey: Guid(d69a4b9f986cd4b4c8287254b7e82853) Importer(815301076,1909f56bfc062723c751e8b465ee728b)
Start importing Assets/AtmosphericHouse/Meshes/Meshes_props/Side_table_C_drawer.FBX using Guid(d69a4b9f986cd4b4c8287254b7e82853) Importer(815301076,1909f56bfc062723c751e8b465ee728b)  -> (artifact id: '9b86605a14720839fb17da29c0b2fe75') in 0.046239 seconds 
  Import took 0.053859 seconds .

========================================================================
Received Import Request.
  Time since last request: 0.000684 seconds.
  path: Assets/AtmosphericHouse/Meshes/Meshes_props/Painting_R.FBX
  artifactKey: Guid(b78d400ff13281243bf7bdbe5cee2e2e) Importer(815301076,1909f56bfc062723c751e8b465ee728b)
Start importing Assets/AtmosphericHouse/Meshes/Meshes_props/Painting_R.FBX using Guid(b78d400ff13281243bf7bdbe5cee2e2e) Importer(815301076,1909f56bfc062723c751e8b465ee728b)  -> (artifact id: 'bc2af29cd6c3fd1a1e30c9168681f7bb') in 0.082830 seconds 
  Import took 0.092440 seconds .

========================================================================
Received Import Request.
  Time since last request: 0.000363 seconds.
  path: Assets/AtmosphericHouse/Prefabs/Props/Interior_plants/Interior_plant_C.prefab
  artifactKey: Guid(24b456f4fa4053c498cfbebf996a4209) Importer(815301076,1909f56bfc062723c751e8b465ee728b)
Start importing Assets/AtmosphericHouse/Prefabs/Props/Interior_plants/Interior_plant_C.prefab using Guid(24b456f4fa4053c498cfbebf996a4209) Importer(815301076,1909f56bfc062723c751e8b465ee728b)  -> (artifact id: 'f9513e761ec82066af117c25315614e5') in 0.073416 seconds 
  Import took 0.080547 seconds .

========================================================================
Received Import Request.
  Time since last request: 0.000338 seconds.
  path: Packages/com.unity.render-pipelines.core/Runtime/Debugging/Prefabs/Widgets/DebugUI Panel.prefab
  artifactKey: Guid(daa46a58178a6ad41ae1ddc2dc7f856d) Importer(815301076,1909f56bfc062723c751e8b465ee728b)
Start importing Packages/com.unity.render-pipelines.core/Runtime/Debugging/Prefabs/Widgets/DebugUI Panel.prefab using Guid(daa46a58178a6ad41ae1ddc2dc7f856d) Importer(815301076,1909f56bfc062723c751e8b465ee728b)  -> (artifact id: 'f32c82015ee13dd4c1daa99a59dc0e79') in 0.038443 seconds 
  Import took 0.046130 seconds .

========================================================================
Received Import Request.
  Time since last request: 0.000355 seconds.
  path: Assets/AtmosphericHouse/Prefabs/Props/Carpets/Carpet_persian_A.prefab
  artifactKey: Guid(6806de9678543d54c8a4b2f0cdbc5f3a) Importer(815301076,1909f56bfc062723c751e8b465ee728b)
Start importing Assets/AtmosphericHouse/Prefabs/Props/Carpets/Carpet_persian_A.prefab using Guid(6806de9678543d54c8a4b2f0cdbc5f3a) Importer(815301076,1909f56bfc062723c751e8b465ee728b)  -> (artifact id: 'dcccb74319801b82e3b88c61316e56d1') in 0.060117 seconds 
  Import took 0.067974 seconds .

========================================================================
Received Import Request.
  Time since last request: 0.000429 seconds.
  path: Assets/AtmosphericHouse/Prefabs/Props/Lamps/Lamp_ceiling_ball.prefab
  artifactKey: Guid(a076cfe78dd2d5e419f1c00ba249fd97) Importer(815301076,1909f56bfc062723c751e8b465ee728b)
Start importing Assets/AtmosphericHouse/Prefabs/Props/Lamps/Lamp_ceiling_ball.prefab using Guid(a076cfe78dd2d5e419f1c00ba249fd97) Importer(815301076,1909f56bfc062723c751e8b465ee728b)  -> (artifact id: '6fc9ab5275db9a7cde857c88de0eaeb4') in 0.064558 seconds 
  Import took 0.071805 seconds .

========================================================================
Received Import Request.
  Time since last request: 0.000339 seconds.
  path: Assets/AtmosphericHouse/Meshes/Meshes_props/Book_set_F.FBX
  artifactKey: Guid(b15c9732295a02049bf46762be938f99) Importer(815301076,1909f56bfc062723c751e8b465ee728b)
Start importing Assets/AtmosphericHouse/Meshes/Meshes_props/Book_set_F.FBX using Guid(b15c9732295a02049bf46762be938f99) Importer(815301076,1909f56bfc062723c751e8b465ee728b)  -> (artifact id: '0d022f1621200adc748bf10af33555f9') in 0.070885 seconds 
  Import took 0.078247 seconds .

========================================================================
Received Import Request.
  Time since last request: 0.000375 seconds.
  path: Assets/AtmosphericHouse/Meshes/Meshes_props/Storage_box_B_open.FBX
  artifactKey: Guid(e90c1ff74d59c274594ad5ab1159b291) Importer(815301076,1909f56bfc062723c751e8b465ee728b)
Start importing Assets/AtmosphericHouse/Meshes/Meshes_props/Storage_box_B_open.FBX using Guid(e90c1ff74d59c274594ad5ab1159b291) Importer(815301076,1909f56bfc062723c751e8b465ee728b)  -> (artifact id: 'b1f02df8c54af08de5a88bc7d49a7c92') in 0.135078 seconds 
  Import took 0.148136 seconds .

========================================================================
Received Import Request.
  Time since last request: 0.000441 seconds.
  path: Assets/AtmosphericHouse/Prefabs/Props/Books/Book_set_A.prefab
  artifactKey: Guid(32dcbaaa101c3994fb8fd0451ab2c5a7) Importer(815301076,1909f56bfc062723c751e8b465ee728b)
Start importing Assets/AtmosphericHouse/Prefabs/Props/Books/Book_set_A.prefab using Guid(32dcbaaa101c3994fb8fd0451ab2c5a7) Importer(815301076,1909f56bfc062723c751e8b465ee728b)  -> (artifact id: 'a23143cf798a1782092c7b7d6137d9e5') in 0.048105 seconds 
  Import took 0.057424 seconds .

========================================================================
Received Import Request.
  Time since last request: 0.000382 seconds.
  path: Assets/AtmosphericHouse/Meshes/Meshes_props/Computer_keyboard.FBX
  artifactKey: Guid(28e566b372dbf1242addf0f5eeae36d3) Importer(815301076,1909f56bfc062723c751e8b465ee728b)
Start importing Assets/AtmosphericHouse/Meshes/Meshes_props/Computer_keyboard.FBX using Guid(28e566b372dbf1242addf0f5eeae36d3) Importer(815301076,1909f56bfc062723c751e8b465ee728b)  -> (artifact id: '79a399a0e61d78cdb22f9dc2e61a5c16') in 0.043317 seconds 
  Import took 0.055959 seconds .

========================================================================
Received Import Request.
  Time since last request: 0.000390 seconds.
  path: Assets/AtmosphericHouse/Meshes/Meshes_props/Table_coffee.FBX
  artifactKey: Guid(6b55797566310914686c9159117334f6) Importer(815301076,1909f56bfc062723c751e8b465ee728b)
Start importing Assets/AtmosphericHouse/Meshes/Meshes_props/Table_coffee.FBX using Guid(6b55797566310914686c9159117334f6) Importer(815301076,1909f56bfc062723c751e8b465ee728b)  -> (artifact id: 'd27feefb9cf6b42f58e1c07d17e680c4') in 0.066421 seconds 
  Import took 0.073977 seconds .

========================================================================
Received Import Request.
  Time since last request: 0.000321 seconds.
  path: Assets/AtmosphericHouse/Meshes/Meshes_props/Lamp_ceiling_round.FBX
  artifactKey: Guid(940e5285623885642b17a3d0d783f0f0) Importer(815301076,1909f56bfc062723c751e8b465ee728b)
Start importing Assets/AtmosphericHouse/Meshes/Meshes_props/Lamp_ceiling_round.FBX using Guid(940e5285623885642b17a3d0d783f0f0) Importer(815301076,1909f56bfc062723c751e8b465ee728b)  -> (artifact id: 'f3199926f826008df67120a800015658') in 0.037911 seconds 
  Import took 0.045954 seconds .

========================================================================
Received Import Request.
  Time since last request: 0.000439 seconds.
  path: Assets/AtmosphericHouse/Meshes/Meshes_props/Painting_I.FBX
  artifactKey: Guid(de8fa9ae293b5f14aab4f6c08e61f5d5) Importer(815301076,1909f56bfc062723c751e8b465ee728b)
Start importing Assets/AtmosphericHouse/Meshes/Meshes_props/Painting_I.FBX using Guid(de8fa9ae293b5f14aab4f6c08e61f5d5) Importer(815301076,1909f56bfc062723c751e8b465ee728b)  -> (artifact id: '1d5ece7336640d8c969851588030919a') in 0.051921 seconds 
  Import took 0.062081 seconds .

========================================================================
Received Import Request.
  Time since last request: 0.000365 seconds.
  path: Assets/AtmosphericHouse/Meshes/Meshes_props/Computer_central_unit.FBX
  artifactKey: Guid(0bb9a50dc57c3e544945e28998edcd86) Importer(815301076,1909f56bfc062723c751e8b465ee728b)
Start importing Assets/AtmosphericHouse/Meshes/Meshes_props/Computer_central_unit.FBX using Guid(0bb9a50dc57c3e544945e28998edcd86) Importer(815301076,1909f56bfc062723c751e8b465ee728b)  -> (artifact id: 'bc70af293bc0bf39291b4070d086ccd2') in 0.050186 seconds 
  Import took 0.057855 seconds .

========================================================================
Received Import Request.
  Time since last request: 0.000324 seconds.
  path: Assets/AtmosphericHouse/Meshes/Meshes_props/Carpet_persian_B.FBX
  artifactKey: Guid(399faefe1c5ab9242b7178e881501d0e) Importer(815301076,1909f56bfc062723c751e8b465ee728b)
Start importing Assets/AtmosphericHouse/Meshes/Meshes_props/Carpet_persian_B.FBX using Guid(399faefe1c5ab9242b7178e881501d0e) Importer(815301076,1909f56bfc062723c751e8b465ee728b)  -> (artifact id: 'b32351aa2bb8e464450583102ec05184') in 0.043856 seconds 
  Import took 0.051690 seconds .

========================================================================
Received Import Request.
  Time since last request: 0.000357 seconds.
  path: Assets/AtmosphericHouse/Meshes/Meshes_props/Cardboard_box_E.FBX
  artifactKey: Guid(b073db0a5a4f0f6489d6247e4a1f6966) Importer(815301076,1909f56bfc062723c751e8b465ee728b)
Start importing Assets/AtmosphericHouse/Meshes/Meshes_props/Cardboard_box_E.FBX using Guid(b073db0a5a4f0f6489d6247e4a1f6966) Importer(815301076,1909f56bfc062723c751e8b465ee728b)  -> (artifact id: '955913e42a9b0858bc0a7113808aa271') in 0.067603 seconds 
  Import took 0.076494 seconds .

========================================================================
Received Import Request.
  Time since last request: 0.000365 seconds.
  path: Assets/AtmosphericHouse/Colliders/Sofa_1seat_COL.FBX
  artifactKey: Guid(c8d00ac2e05775d4ab4296bb0b3af90f) Importer(815301076,1909f56bfc062723c751e8b465ee728b)
Start importing Assets/AtmosphericHouse/Colliders/Sofa_1seat_COL.FBX using Guid(c8d00ac2e05775d4ab4296bb0b3af90f) Importer(815301076,1909f56bfc062723c751e8b465ee728b)  -> (artifact id: '8666dd30000dce9655d57d6373c22d85') in 0.030334 seconds 
  Import took 0.036669 seconds .

========================================================================
Received Import Request.
  Time since last request: 0.000315 seconds.
  path: Assets/AtmosphericHouse/Meshes/Meshes_props/Sofa_1seat.FBX
  artifactKey: Guid(2ba4eda3a66952f4f9f67f75b8166d60) Importer(815301076,1909f56bfc062723c751e8b465ee728b)
Start importing Assets/AtmosphericHouse/Meshes/Meshes_props/Sofa_1seat.FBX using Guid(2ba4eda3a66952f4f9f67f75b8166d60) Importer(815301076,1909f56bfc062723c751e8b465ee728b)  -> (artifact id: 'd07538bad69cdc6792084b1bec4b39b5') in 0.046338 seconds 
  Import took 0.055798 seconds .

========================================================================
Received Import Request.
  Time since last request: 0.000525 seconds.
  path: Packages/com.unity.render-pipelines.core/Runtime/Debugging/Prefabs/Widgets/DebugUI Vector3.prefab
  artifactKey: Guid(94afea5f242d72547979595ba963f335) Importer(815301076,1909f56bfc062723c751e8b465ee728b)
Start importing Packages/com.unity.render-pipelines.core/Runtime/Debugging/Prefabs/Widgets/DebugUI Vector3.prefab using Guid(94afea5f242d72547979595ba963f335) Importer(815301076,1909f56bfc062723c751e8b465ee728b)  -> (artifact id: '561224aff7be27a4d2e1af954bbb0e50') in 0.036831 seconds 
  Import took 0.043455 seconds .

========================================================================
Received Import Request.
  Time since last request: 0.000330 seconds.
  path: Assets/AtmosphericHouse/Meshes/Meshes_props/Bookcase_B.FBX
  artifactKey: Guid(9f0dbb4454112d849934f22a7ebf058b) Importer(815301076,1909f56bfc062723c751e8b465ee728b)
Start importing Assets/AtmosphericHouse/Meshes/Meshes_props/Bookcase_B.FBX using Guid(9f0dbb4454112d849934f22a7ebf058b) Importer(815301076,1909f56bfc062723c751e8b465ee728b)  -> (artifact id: '8e55e3518b790a52e527f4365b65e603') in 0.062727 seconds 
  Import took 0.072868 seconds .

========================================================================
Received Import Request.
  Time since last request: 0.000345 seconds.
  path: Assets/AtmosphericHouse/Meshes/Meshes_props/Interior_plant_C.FBX
  artifactKey: Guid(0653a75c2678c9240b7d96753b83bed3) Importer(815301076,1909f56bfc062723c751e8b465ee728b)
Start importing Assets/AtmosphericHouse/Meshes/Meshes_props/Interior_plant_C.FBX using Guid(0653a75c2678c9240b7d96753b83bed3) Importer(815301076,1909f56bfc062723c751e8b465ee728b)  -> (artifact id: '618bd59cae4c922c987bad942be3bbe2') in 0.042111 seconds 
  Import took 0.052203 seconds .

========================================================================
Received Import Request.
  Time since last request: 0.000491 seconds.
  path: Assets/AtmosphericHouse/Prefabs/Props/Basement_props/Cardboard_box_B.prefab
  artifactKey: Guid(a951786b6457aac4b89ada0f6d59384e) Importer(815301076,1909f56bfc062723c751e8b465ee728b)
Start importing Assets/AtmosphericHouse/Prefabs/Props/Basement_props/Cardboard_box_B.prefab using Guid(a951786b6457aac4b89ada0f6d59384e) Importer(815301076,1909f56bfc062723c751e8b465ee728b)  -> (artifact id: '54c4eea76e057ba1d6dc871cab74210f') in 0.037563 seconds 
  Import took 0.048868 seconds .

========================================================================
Received Import Request.
  Time since last request: 0.000492 seconds.
  path: Assets/AtmosphericHouse/Meshes/Meshes_props/Book_set_G.FBX
  artifactKey: Guid(97c371abad8630449b4d921c9052aef7) Importer(815301076,1909f56bfc062723c751e8b465ee728b)
Start importing Assets/AtmosphericHouse/Meshes/Meshes_props/Book_set_G.FBX using Guid(97c371abad8630449b4d921c9052aef7) Importer(815301076,1909f56bfc062723c751e8b465ee728b)  -> (artifact id: 'e0f11401a18aa51d7b4e9e09aec3ff3f') in 0.080098 seconds 
  Import took 0.088106 seconds .

========================================================================
Received Import Request.
  Time since last request: 0.000295 seconds.
  path: Assets/AtmosphericHouse/Colliders/Sofa_3seat_COL.FBX
  artifactKey: Guid(eeb7e58e17f34e142b750272ac98ae6c) Importer(815301076,1909f56bfc062723c751e8b465ee728b)
Start importing Assets/AtmosphericHouse/Colliders/Sofa_3seat_COL.FBX using Guid(eeb7e58e17f34e142b750272ac98ae6c) Importer(815301076,1909f56bfc062723c751e8b465ee728b)  -> (artifact id: '650acc8d778169988b79f9a0a8bbdc7f') in 0.028483 seconds 
  Import took 0.034285 seconds .

========================================================================
Received Import Request.
  Time since last request: 0.000346 seconds.
  path: Assets/AtmosphericHouse/Meshes/Meshes_props/Sofa_3seat.FBX
  artifactKey: Guid(a80b95779ec723341b9f2d1c66cd100e) Importer(815301076,1909f56bfc062723c751e8b465ee728b)
Start importing Assets/AtmosphericHouse/Meshes/Meshes_props/Sofa_3seat.FBX using Guid(a80b95779ec723341b9f2d1c66cd100e) Importer(815301076,1909f56bfc062723c751e8b465ee728b)  -> (artifact id: '0bfc562e115deb1dea93fa44bd9cf833') in 0.054181 seconds 
  Import took 0.065316 seconds .

========================================================================
Received Import Request.
  Time since last request: 0.000325 seconds.
  path: Assets/AtmosphericHouse/Prefabs/Props/Furniture/Bookcase_B.prefab
  artifactKey: Guid(72698ba53930b834099f798d6448f0d0) Importer(815301076,1909f56bfc062723c751e8b465ee728b)
Start importing Assets/AtmosphericHouse/Prefabs/Props/Furniture/Bookcase_B.prefab using Guid(72698ba53930b834099f798d6448f0d0) Importer(815301076,1909f56bfc062723c751e8b465ee728b)  -> (artifact id: '384ef2f0af120ddccc461c77e1abb295') in 0.034389 seconds 
  Import took 0.045227 seconds .

========================================================================
Received Import Request.
  Time since last request: 0.000438 seconds.
  path: Assets/AtmosphericHouse/Prefabs/Props/Books/Book_set_F.prefab
  artifactKey: Guid(f208deff097f892498e90b1b27e1157d) Importer(815301076,1909f56bfc062723c751e8b465ee728b)
Start importing Assets/AtmosphericHouse/Prefabs/Props/Books/Book_set_F.prefab using Guid(f208deff097f892498e90b1b27e1157d) Importer(815301076,1909f56bfc062723c751e8b465ee728b)  -> (artifact id: '7cb2f3925da80fb55937f4b1094dd282') in 0.047558 seconds 
  Import took 0.056845 seconds .

========================================================================
Received Import Request.
  Time since last request: 0.000325 seconds.
  path: Assets/AtmosphericHouse/Prefabs/Props/Electronics/Computer_central_unit.prefab
  artifactKey: Guid(a8e8a393ff20f154aa856b47e0e3870e) Importer(815301076,1909f56bfc062723c751e8b465ee728b)
Start importing Assets/AtmosphericHouse/Prefabs/Props/Electronics/Computer_central_unit.prefab using Guid(a8e8a393ff20f154aa856b47e0e3870e) Importer(815301076,1909f56bfc062723c751e8b465ee728b)  -> (artifact id: '96b6abd412e8be2fb03fbd3d3d8ed05b') in 0.032698 seconds 
  Import took 0.044027 seconds .

========================================================================
Received Import Request.
  Time since last request: 0.000299 seconds.
  path: Assets/AtmosphericHouse/Prefabs/Props/Lamps/Lamp_ceiling_cone_B.prefab
  artifactKey: Guid(de121d55bf30c984db8e9187c15e5428) Importer(815301076,1909f56bfc062723c751e8b465ee728b)
Start importing Assets/AtmosphericHouse/Prefabs/Props/Lamps/Lamp_ceiling_cone_B.prefab using Guid(de121d55bf30c984db8e9187c15e5428) Importer(815301076,1909f56bfc062723c751e8b465ee728b)  -> (artifact id: 'd4f9f433f37f6f5bdea2b340338657c2') in 0.044632 seconds 
  Import took 0.053608 seconds .

========================================================================
Received Import Request.
  Time since last request: 0.000307 seconds.
  path: Packages/com.unity.render-pipelines.core/Runtime/Debugging/Prefabs/Widgets/DebugUI Vector4.prefab
  artifactKey: Guid(d47f009476100f545971a81ede14c750) Importer(815301076,1909f56bfc062723c751e8b465ee728b)
Start importing Packages/com.unity.render-pipelines.core/Runtime/Debugging/Prefabs/Widgets/DebugUI Vector4.prefab using Guid(d47f009476100f545971a81ede14c750) Importer(815301076,1909f56bfc062723c751e8b465ee728b)  -> (artifact id: 'c95dadf5fbc4f6ef296a6b116682cac8') in 0.021356 seconds 
  Import took 0.029723 seconds .

========================================================================
Received Import Request.
  Time since last request: 0.000283 seconds.
  path: Packages/com.unity.render-pipelines.core/Runtime/Debugging/Prefabs/Widgets/DebugUI IntField.prefab
  artifactKey: Guid(ae00bb75e0cd5b04b8fe7fb4ab662629) Importer(815301076,1909f56bfc062723c751e8b465ee728b)
Start importing Packages/com.unity.render-pipelines.core/Runtime/Debugging/Prefabs/Widgets/DebugUI IntField.prefab using Guid(ae00bb75e0cd5b04b8fe7fb4ab662629) Importer(815301076,1909f56bfc062723c751e8b465ee728b)  -> (artifact id: '1cb438fc73105b535c4d80d819d8d552') in 0.017173 seconds 
  Import took 0.028339 seconds .

========================================================================
Received Import Request.
  Time since last request: 0.000410 seconds.
  path: Assets/AtmosphericHouse/Prefabs/Props/Basement_props/Cardboard_box_A.prefab
  artifactKey: Guid(a6c6aa7bba19ab84288c89e2a633f0c7) Importer(815301076,1909f56bfc062723c751e8b465ee728b)
Start importing Assets/AtmosphericHouse/Prefabs/Props/Basement_props/Cardboard_box_A.prefab using Guid(a6c6aa7bba19ab84288c89e2a633f0c7) Importer(815301076,1909f56bfc062723c751e8b465ee728b)  -> (artifact id: '3abd92b5156477d963cb66c684cbbea2') in 0.040527 seconds 
  Import took 0.051527 seconds .

========================================================================
Received Import Request.
  Time since last request: 0.000396 seconds.
  path: Packages/com.unity.render-pipelines.core/Runtime/Debugging/Prefabs/Widgets/DebugUI VBox.prefab
  artifactKey: Guid(ca3e294656861a64b8aeeb9f916da0a9) Importer(815301076,1909f56bfc062723c751e8b465ee728b)
Start importing Packages/com.unity.render-pipelines.core/Runtime/Debugging/Prefabs/Widgets/DebugUI VBox.prefab using Guid(ca3e294656861a64b8aeeb9f916da0a9) Importer(815301076,1909f56bfc062723c751e8b465ee728b)  -> (artifact id: '7315eb61ba2b0ec338093ce1369ebe62') in 0.015170 seconds 
  Import took 0.023199 seconds .

========================================================================
Received Import Request.
  Time since last request: 0.000355 seconds.
  path: Assets/AtmosphericHouse/Meshes/Meshes_props/Computer_mousepad.FBX
  artifactKey: Guid(3a77740afa00f834d8f75a517d8710d7) Importer(815301076,1909f56bfc062723c751e8b465ee728b)
Start importing Assets/AtmosphericHouse/Meshes/Meshes_props/Computer_mousepad.FBX using Guid(3a77740afa00f834d8f75a517d8710d7) Importer(815301076,1909f56bfc062723c751e8b465ee728b)  -> (artifact id: '1fb657960b02156530b2c775ee0da937') in 0.043675 seconds 
  Import took 0.055658 seconds .

========================================================================
Received Import Request.
  Time since last request: 0.000348 seconds.
  path: Assets/AtmosphericHouse/Meshes/Meshes_props/Magazine_B.FBX
  artifactKey: Guid(ddb9dcf565a289c47a8000ddef894589) Importer(815301076,1909f56bfc062723c751e8b465ee728b)
Start importing Assets/AtmosphericHouse/Meshes/Meshes_props/Magazine_B.FBX using Guid(ddb9dcf565a289c47a8000ddef894589) Importer(815301076,1909f56bfc062723c751e8b465ee728b)  -> (artifact id: 'cfb1da32691bd1d8c38d445b13ed05a3') in 0.047694 seconds 
  Import took 0.056274 seconds .

========================================================================
Received Import Request.
  Time since last request: 0.000318 seconds.
  path: Packages/com.unity.render-pipelines.core/Runtime/Debugging/Prefabs/Widgets/DebugUI Group.prefab
  artifactKey: Guid(38a07789c9e87004dad98c2909f58369) Importer(815301076,1909f56bfc062723c751e8b465ee728b)
Start importing Packages/com.unity.render-pipelines.core/Runtime/Debugging/Prefabs/Widgets/DebugUI Group.prefab using Guid(38a07789c9e87004dad98c2909f58369) Importer(815301076,1909f56bfc062723c751e8b465ee728b)  -> (artifact id: '7614a6c7e7583f01fbaef48440cf2a40') in 0.018752 seconds 
  Import took 0.028242 seconds .

========================================================================
Received Import Request.
  Time since last request: 0.000510 seconds.
  path: Assets/AtmosphericHouse/Meshes/Meshes_props/Interior_plant_A.FBX
  artifactKey: Guid(1802d78babd62434c848f94e3fd4fdf4) Importer(815301076,1909f56bfc062723c751e8b465ee728b)
Start importing Assets/AtmosphericHouse/Meshes/Meshes_props/Interior_plant_A.FBX using Guid(1802d78babd62434c848f94e3fd4fdf4) Importer(815301076,1909f56bfc062723c751e8b465ee728b)  -> (artifact id: '3abb8d913787c8194b69254c10a6979e') in 0.053646 seconds 
  Import took 0.063798 seconds .

========================================================================
Received Import Request.
  Time since last request: 0.000301 seconds.
  path: Assets/AtmosphericHouse/Prefabs/Props/Electronics/Computer_screen.prefab
  artifactKey: Guid(33d6fd049e3267740825c5c800797efe) Importer(815301076,1909f56bfc062723c751e8b465ee728b)
Start importing Assets/AtmosphericHouse/Prefabs/Props/Electronics/Computer_screen.prefab using Guid(33d6fd049e3267740825c5c800797efe) Importer(815301076,1909f56bfc062723c751e8b465ee728b)  -> (artifact id: 'ea5da04f04874479bb930fd58b7e1c63') in 0.051960 seconds 
  Import took 0.060369 seconds .

========================================================================
Received Import Request.
  Time since last request: 0.000338 seconds.
  path: Packages/com.unity.render-pipelines.core/Runtime/Debugging/Prefabs/Widgets/DebugUI Row.prefab
  artifactKey: Guid(2d019437ff89b8d44949727731cd9357) Importer(815301076,1909f56bfc062723c751e8b465ee728b)
Start importing Packages/com.unity.render-pipelines.core/Runtime/Debugging/Prefabs/Widgets/DebugUI Row.prefab using Guid(2d019437ff89b8d44949727731cd9357) Importer(815301076,1909f56bfc062723c751e8b465ee728b)  -> (artifact id: '806c36e2b44415ad2f8350536d08f5a4') in 0.019167 seconds 
  Import took 0.026696 seconds .

========================================================================
Received Import Request.
  Time since last request: 0.000478 seconds.
  path: Assets/AtmosphericHouse/Prefabs/Props/Electronics/Computer_keyboard.prefab
  artifactKey: Guid(8ecc689b945a37146837b24399a17dec) Importer(815301076,1909f56bfc062723c751e8b465ee728b)
Start importing Assets/AtmosphericHouse/Prefabs/Props/Electronics/Computer_keyboard.prefab using Guid(8ecc689b945a37146837b24399a17dec) Importer(815301076,1909f56bfc062723c751e8b465ee728b)  -> (artifact id: '0a60c9562988cc68340f828297c335bb') in 0.035157 seconds 
  Import took 0.045577 seconds .

========================================================================
Received Import Request.
  Time since last request: 0.000335 seconds.
  path: Packages/com.unity.render-pipelines.core/Runtime/Debugging/Prefabs/Widgets/DebugUI Foldout.prefab
  artifactKey: Guid(1c87ab2ce8b8b304d98fbe9a734b1f74) Importer(815301076,1909f56bfc062723c751e8b465ee728b)
Start importing Packages/com.unity.render-pipelines.core/Runtime/Debugging/Prefabs/Widgets/DebugUI Foldout.prefab using Guid(1c87ab2ce8b8b304d98fbe9a734b1f74) Importer(815301076,1909f56bfc062723c751e8b465ee728b)  -> (artifact id: 'bfe49d69d4f4d4a295bf1849ac947207') in 0.017831 seconds 
  Import took 0.026844 seconds .

========================================================================
Received Import Request.
  Time since last request: 0.000351 seconds.
  path: Assets/AtmosphericHouse/Prefabs/Props/Office_props/Folder_set_D.prefab
  artifactKey: Guid(19ca1c02e741cf441bf4dae8632b25bb) Importer(815301076,1909f56bfc062723c751e8b465ee728b)
Start importing Assets/AtmosphericHouse/Prefabs/Props/Office_props/Folder_set_D.prefab using Guid(19ca1c02e741cf441bf4dae8632b25bb) Importer(815301076,1909f56bfc062723c751e8b465ee728b)  -> (artifact id: '2d1af310e5f1c04b7a2540b0f32e5d85') in 0.061726 seconds 
  Import took 0.072267 seconds .

========================================================================
Received Import Request.
  Time since last request: 0.000281 seconds.
  path: Assets/AtmosphericHouse/Meshes/Meshes_props/Interior_plant_B.FBX
  artifactKey: Guid(9c5dcf253dbb39643b4f5c41a13fe694) Importer(815301076,1909f56bfc062723c751e8b465ee728b)
Start importing Assets/AtmosphericHouse/Meshes/Meshes_props/Interior_plant_B.FBX using Guid(9c5dcf253dbb39643b4f5c41a13fe694) Importer(815301076,1909f56bfc062723c751e8b465ee728b)  -> (artifact id: '50d87c76be2d698d7503f163d85ab435') in 0.045700 seconds 
  Import took 0.053243 seconds .

========================================================================
Received Import Request.
  Time since last request: 0.000259 seconds.
  path: Assets/AtmosphericHouse/Meshes/Meshes_props/Computer_screen.FBX
  artifactKey: Guid(4205edbfb2966c14c9597a5ab8a389c8) Importer(815301076,1909f56bfc062723c751e8b465ee728b)
Start importing Assets/AtmosphericHouse/Meshes/Meshes_props/Computer_screen.FBX using Guid(4205edbfb2966c14c9597a5ab8a389c8) Importer(815301076,1909f56bfc062723c751e8b465ee728b)  -> (artifact id: '936e2644e9efc66397f120d802c675d0') in 0.042684 seconds 
  Import took 0.049553 seconds .

========================================================================
Received Import Request.
  Time since last request: 0.000237 seconds.
  path: Packages/com.unity.render-pipelines.core/Runtime/Debugging/Prefabs/Widgets/DebugUI UIntField.prefab
  artifactKey: Guid(f22bcc84a5f4a1944b075a2c4ac71493) Importer(815301076,1909f56bfc062723c751e8b465ee728b)
Start importing Packages/com.unity.render-pipelines.core/Runtime/Debugging/Prefabs/Widgets/DebugUI UIntField.prefab using Guid(f22bcc84a5f4a1944b075a2c4ac71493) Importer(815301076,1909f56bfc062723c751e8b465ee728b)  -> (artifact id: '6f0cc28040c1e46e7500d597d007bfce') in 0.013017 seconds 
  Import took 0.020144 seconds .

========================================================================
Received Import Request.
  Time since last request: 0.000297 seconds.
  path: Assets/AtmosphericHouse/Meshes/Meshes_props/Painting_Q.FBX
  artifactKey: Guid(1aeb691be0dd45a488be6fa46c5d671f) Importer(815301076,1909f56bfc062723c751e8b465ee728b)
Start importing Assets/AtmosphericHouse/Meshes/Meshes_props/Painting_Q.FBX using Guid(1aeb691be0dd45a488be6fa46c5d671f) Importer(815301076,1909f56bfc062723c751e8b465ee728b)  -> (artifact id: '7f618787c4e98043af55ebdaf4a2e5c1') in 0.059523 seconds 
  Import took 0.070204 seconds .

========================================================================
Received Import Request.
  Time since last request: 0.000485 seconds.
  path: Assets/AtmosphericHouse/Prefabs/Props/Interior_plants/Interior_plant_B.prefab
  artifactKey: Guid(6321017e46f06944ea712c6fbc6c92fe) Importer(815301076,1909f56bfc062723c751e8b465ee728b)
Start importing Assets/AtmosphericHouse/Prefabs/Props/Interior_plants/Interior_plant_B.prefab using Guid(6321017e46f06944ea712c6fbc6c92fe) Importer(815301076,1909f56bfc062723c751e8b465ee728b)  -> (artifact id: 'f67a4c4c3245ee194cb47df5ea34d85f') in 0.036597 seconds 
  Import took 0.046276 seconds .

========================================================================
Received Import Request.
  Time since last request: 0.000270 seconds.
  path: Assets/AtmosphericHouse/Meshes/Meshes_props/Cardboard_box_A.FBX
  artifactKey: Guid(2fb3fd0d46d4fef42b978a4d4c5af3d0) Importer(815301076,1909f56bfc062723c751e8b465ee728b)
Start importing Assets/AtmosphericHouse/Meshes/Meshes_props/Cardboard_box_A.FBX using Guid(2fb3fd0d46d4fef42b978a4d4c5af3d0) Importer(815301076,1909f56bfc062723c751e8b465ee728b)  -> (artifact id: 'fd3dbd7ec4973e84344d076fb6d139b6') in 0.040067 seconds 
  Import took 0.049957 seconds .

========================================================================
Received Import Request.
  Time since last request: 0.000286 seconds.
  path: Packages/com.unity.render-pipelines.core/Runtime/Debugging/Prefabs/Widgets/DebugUI Button.prefab
  artifactKey: Guid(f6ce33b91f6ffe54cadacbf4bb112440) Importer(815301076,1909f56bfc062723c751e8b465ee728b)
Start importing Packages/com.unity.render-pipelines.core/Runtime/Debugging/Prefabs/Widgets/DebugUI Button.prefab using Guid(f6ce33b91f6ffe54cadacbf4bb112440) Importer(815301076,1909f56bfc062723c751e8b465ee728b)  -> (artifact id: '3365eab347f590a01976f9acac536920') in 0.027075 seconds 
  Import took 0.037419 seconds .

========================================================================
Received Import Request.
  Time since last request: 0.000403 seconds.
  path: Assets/AtmosphericHouse/Meshes/Meshes_props/Lamp_cellar_wall.FBX
  artifactKey: Guid(38a0612bfbef2e74787afaad35862cc6) Importer(815301076,1909f56bfc062723c751e8b465ee728b)
Start importing Assets/AtmosphericHouse/Meshes/Meshes_props/Lamp_cellar_wall.FBX using Guid(38a0612bfbef2e74787afaad35862cc6) Importer(815301076,1909f56bfc062723c751e8b465ee728b)  -> (artifact id: '14b9b29ba1dbfffaf0485cc18f9f4122') in 0.049401 seconds 
  Import took 0.058542 seconds .

========================================================================
Received Import Request.
  Time since last request: 0.000388 seconds.
  path: Packages/com.unity.render-pipelines.core/Runtime/Debugging/Prefabs/Widgets/DebugUI EnumField.prefab
  artifactKey: Guid(988db55689193434fb0b3b89538f978f) Importer(815301076,1909f56bfc062723c751e8b465ee728b)
Start importing Packages/com.unity.render-pipelines.core/Runtime/Debugging/Prefabs/Widgets/DebugUI EnumField.prefab using Guid(988db55689193434fb0b3b89538f978f) Importer(815301076,1909f56bfc062723c751e8b465ee728b)  -> (artifact id: '925b6e3d74e0d77f8eedd8fa3cf77a8d') in 0.016019 seconds 
  Import took 0.025302 seconds .

========================================================================
Received Import Request.
  Time since last request: 0.000406 seconds.
  path: Assets/AtmosphericHouse/Meshes/Meshes_props/Workdesk_extension.FBX
  artifactKey: Guid(196a5223b7833d74780e5c6ed388cdd8) Importer(815301076,1909f56bfc062723c751e8b465ee728b)
Start importing Assets/AtmosphericHouse/Meshes/Meshes_props/Workdesk_extension.FBX using Guid(196a5223b7833d74780e5c6ed388cdd8) Importer(815301076,1909f56bfc062723c751e8b465ee728b)  -> (artifact id: 'b0fa76d33fb07c3a4854ccdcb04c0949') in 0.085178 seconds 
  Import took 0.093475 seconds .

========================================================================
Received Import Request.
  Time since last request: 0.000291 seconds.
  path: Assets/AtmosphericHouse/Meshes/Meshes_props/Cardboard_box_B.FBX
  artifactKey: Guid(f682a35e797dcf649ac874e9ecfbaf9a) Importer(815301076,1909f56bfc062723c751e8b465ee728b)
Start importing Assets/AtmosphericHouse/Meshes/Meshes_props/Cardboard_box_B.FBX using Guid(f682a35e797dcf649ac874e9ecfbaf9a) Importer(815301076,1909f56bfc062723c751e8b465ee728b)  -> (artifact id: '2180fe909b6331c7cdef0a2e1f271ae7') in 0.040092 seconds 
  Import took 0.047701 seconds .

========================================================================
Received Import Request.
  Time since last request: 0.000350 seconds.
  path: Assets/AtmosphericHouse/Prefabs/Props/Furniture/Chair_wooden.prefab
  artifactKey: Guid(482e03448ead48d448b3bad3961323ae) Importer(815301076,1909f56bfc062723c751e8b465ee728b)
Start importing Assets/AtmosphericHouse/Prefabs/Props/Furniture/Chair_wooden.prefab using Guid(482e03448ead48d448b3bad3961323ae) Importer(815301076,1909f56bfc062723c751e8b465ee728b)  -> (artifact id: '824078749d6abc20b441a0871aa0709f') in 0.054655 seconds 
  Import took 0.062102 seconds .

========================================================================
Received Import Request.
  Time since last request: 0.000299 seconds.
  path: Assets/AtmosphericHouse/Meshes/Meshes_props/Lamp_ceiling_ball.FBX
  artifactKey: Guid(865595e2916cf5b4986e1775fb652d5c) Importer(815301076,1909f56bfc062723c751e8b465ee728b)
Start importing Assets/AtmosphericHouse/Meshes/Meshes_props/Lamp_ceiling_ball.FBX using Guid(865595e2916cf5b4986e1775fb652d5c) Importer(815301076,1909f56bfc062723c751e8b465ee728b)  -> (artifact id: '6a219062b019bec596f31517a5d93df8') in 0.054030 seconds 
  Import took 0.063346 seconds .

========================================================================
Received Import Request.
  Time since last request: 0.000333 seconds.
  path: Packages/com.unity.render-pipelines.core/Runtime/Debugging/Prefabs/Widgets/DebugUI BitField.prefab
  artifactKey: Guid(7c78b588b2e1f7c4a86ca4a985cf6e4a) Importer(815301076,1909f56bfc062723c751e8b465ee728b)
Start importing Packages/com.unity.render-pipelines.core/Runtime/Debugging/Prefabs/Widgets/DebugUI BitField.prefab using Guid(7c78b588b2e1f7c4a86ca4a985cf6e4a) Importer(815301076,1909f56bfc062723c751e8b465ee728b)  -> (artifact id: '0bed636524c899d9b3c5ad01d8ef74e3') in 0.042770 seconds 
  Import took 0.051003 seconds .

========================================================================
Received Import Request.
  Time since last request: 0.000490 seconds.
  path: Packages/com.unity.render-pipelines.core/Runtime/Debugging/Prefabs/Widgets/DebugUI Vector2.prefab
  artifactKey: Guid(326f7c58aed965d41bf7805a782d1e44) Importer(815301076,1909f56bfc062723c751e8b465ee728b)
Start importing Packages/com.unity.render-pipelines.core/Runtime/Debugging/Prefabs/Widgets/DebugUI Vector2.prefab using Guid(326f7c58aed965d41bf7805a782d1e44) Importer(815301076,1909f56bfc062723c751e8b465ee728b)  -> (artifact id: '27eff661030052f4a632a06d2717f5c4') in 0.017716 seconds 
  Import took 0.027028 seconds .

========================================================================
Received Import Request.
  Time since last request: 0.000509 seconds.
  path: Assets/AtmosphericHouse/Prefabs/Props/Carpets/Carpet_persian_B.prefab
  artifactKey: Guid(326d954919ae7514a9507d1c514d4f3f) Importer(815301076,1909f56bfc062723c751e8b465ee728b)
Start importing Assets/AtmosphericHouse/Prefabs/Props/Carpets/Carpet_persian_B.prefab using Guid(326d954919ae7514a9507d1c514d4f3f) Importer(815301076,1909f56bfc062723c751e8b465ee728b)  -> (artifact id: 'bc450986b35c38e3912e99da98049af3') in 0.037407 seconds 
  Import took 0.046402 seconds .

========================================================================
Received Import Request.
  Time since last request: 0.000344 seconds.
  path: Packages/com.unity.render-pipelines.core/Runtime/Debugging/Prefabs/Widgets/DebugUI Toggle.prefab
  artifactKey: Guid(ce347ad101f41ee4ab5c3fbc0ea447db) Importer(815301076,1909f56bfc062723c751e8b465ee728b)
Start importing Packages/com.unity.render-pipelines.core/Runtime/Debugging/Prefabs/Widgets/DebugUI Toggle.prefab using Guid(ce347ad101f41ee4ab5c3fbc0ea447db) Importer(815301076,1909f56bfc062723c751e8b465ee728b)  -> (artifact id: 'd933c2ee3cf4d56ed8d059918bbfa7b8') in 0.018262 seconds 
  Import took 0.028280 seconds .

========================================================================
Received Import Request.
  Time since last request: 0.000320 seconds.
  path: Assets/AtmosphericHouse/Meshes/Meshes_props/Lamp_ceiling_cone_B.FBX
  artifactKey: Guid(2fae858c9696d074c9876697ea67094a) Importer(815301076,1909f56bfc062723c751e8b465ee728b)
Start importing Assets/AtmosphericHouse/Meshes/Meshes_props/Lamp_ceiling_cone_B.FBX using Guid(2fae858c9696d074c9876697ea67094a) Importer(815301076,1909f56bfc062723c751e8b465ee728b)  -> (artifact id: '2635f828d0861e4a6b7a89896a44604c') in 0.046797 seconds 
  Import took 0.054687 seconds .

========================================================================
Received Import Request.
  Time since last request: 0.000340 seconds.
  path: Packages/com.unity.render-pipelines.core/Runtime/Debugging/Prefabs/Resources/DebugUI Persistent Canvas.prefab
  artifactKey: Guid(f6b1a0fe75d5009449cf55ae76220e2b) Importer(815301076,1909f56bfc062723c751e8b465ee728b)
Start importing Packages/com.unity.render-pipelines.core/Runtime/Debugging/Prefabs/Resources/DebugUI Persistent Canvas.prefab using Guid(f6b1a0fe75d5009449cf55ae76220e2b) Importer(815301076,1909f56bfc062723c751e8b465ee728b)  -> (artifact id: '7b0dff01e947491d73ef80f05c48c4c8') in 0.019993 seconds 
  Import took 0.029674 seconds .

========================================================================
Received Import Request.
  Time since last request: 0.000287 seconds.
  path: Assets/AtmosphericHouse/Prefabs/Props/Interior_plants/Interior_plant_A.prefab
  artifactKey: Guid(2591a571534d65f4d9d5dc65bc2ddf46) Importer(815301076,1909f56bfc062723c751e8b465ee728b)
Start importing Assets/AtmosphericHouse/Prefabs/Props/Interior_plants/Interior_plant_A.prefab using Guid(2591a571534d65f4d9d5dc65bc2ddf46) Importer(815301076,1909f56bfc062723c751e8b465ee728b)  -> (artifact id: '029427667a6d542502145316919caf63') in 0.042006 seconds 
  Import took 0.052820 seconds .

========================================================================
Received Import Request.
  Time since last request: 0.000347 seconds.
  path: Assets/AtmosphericHouse/Prefabs/Props/Electronics/Computer_mouse.prefab
  artifactKey: Guid(2365af3534100904fbbab73002d0c5c6) Importer(815301076,1909f56bfc062723c751e8b465ee728b)
Start importing Assets/AtmosphericHouse/Prefabs/Props/Electronics/Computer_mouse.prefab using Guid(2365af3534100904fbbab73002d0c5c6) Importer(815301076,1909f56bfc062723c751e8b465ee728b)  -> (artifact id: '59166ddd8b931d54ed6fe73011a785e7') in 0.033283 seconds 
  Import took 0.044644 seconds .

========================================================================
Received Import Request.
  Time since last request: 0.000369 seconds.
  path: Assets/AtmosphericHouse/Meshes/Meshes_props/Chair_wooden.FBX
  artifactKey: Guid(d11fd38820ad9d143b23b6945079514a) Importer(815301076,1909f56bfc062723c751e8b465ee728b)
Start importing Assets/AtmosphericHouse/Meshes/Meshes_props/Chair_wooden.FBX using Guid(d11fd38820ad9d143b23b6945079514a) Importer(815301076,1909f56bfc062723c751e8b465ee728b)  -> (artifact id: 'cd5455f9c29fdc2f71ceaafa36d5a887') in 0.041442 seconds 
  Import took 0.050926 seconds .

========================================================================
Received Import Request.
  Time since last request: 0.000604 seconds.
  path: Packages/com.unity.render-pipelines.core/Runtime/Debugging/Prefabs/Widgets/DebugUI HBox.prefab
  artifactKey: Guid(f7f5e36797cf0c1408561665c67b179b) Importer(815301076,1909f56bfc062723c751e8b465ee728b)
Start importing Packages/com.unity.render-pipelines.core/Runtime/Debugging/Prefabs/Widgets/DebugUI HBox.prefab using Guid(f7f5e36797cf0c1408561665c67b179b) Importer(815301076,1909f56bfc062723c751e8b465ee728b)  -> (artifact id: '1ac11d947e21dcbca39fd080c11cff66') in 0.015981 seconds 
  Import took 0.026069 seconds .

========================================================================
Received Import Request.
  Time since last request: 0.000339 seconds.
  path: Assets/AtmosphericHouse/Meshes/Meshes_props/Table_A.FBX
  artifactKey: Guid(91c93996651cc2340b779cc5a197c390) Importer(815301076,1909f56bfc062723c751e8b465ee728b)
Start importing Assets/AtmosphericHouse/Meshes/Meshes_props/Table_A.FBX using Guid(91c93996651cc2340b779cc5a197c390) Importer(815301076,1909f56bfc062723c751e8b465ee728b)  -> (artifact id: '569a3c0eb998479cdfe543540dfb3e5b') in 0.055084 seconds 
  Import took 0.067529 seconds .

========================================================================
Received Import Request.
  Time since last request: 0.000316 seconds.
  path: Packages/com.unity.render-pipelines.core/Runtime/Debugging/Prefabs/Widgets/DebugUI Color.prefab
  artifactKey: Guid(77c185820dd1a464eac89cae3abccddf) Importer(815301076,1909f56bfc062723c751e8b465ee728b)
Start importing Packages/com.unity.render-pipelines.core/Runtime/Debugging/Prefabs/Widgets/DebugUI Color.prefab using Guid(77c185820dd1a464eac89cae3abccddf) Importer(815301076,1909f56bfc062723c751e8b465ee728b)  -> (artifact id: 'a59f6be7113cb627cd3ee4d740de1340') in 0.020804 seconds 
  Import took 0.031853 seconds .

========================================================================
Received Import Request.
  Time since last request: 0.000298 seconds.
  path: Assets/AtmosphericHouse/Meshes/Meshes_props/Carpet_persian_A.FBX
  artifactKey: Guid(e72c9e9b2f63b7847b693006d1474b6a) Importer(815301076,1909f56bfc062723c751e8b465ee728b)
Start importing Assets/AtmosphericHouse/Meshes/Meshes_props/Carpet_persian_A.FBX using Guid(e72c9e9b2f63b7847b693006d1474b6a) Importer(815301076,1909f56bfc062723c751e8b465ee728b)  -> (artifact id: '30ab626fd34bdd2222ddf49d90209311') in 0.047347 seconds 
  Import took 0.055052 seconds .

========================================================================
Received Import Request.
  Time since last request: 0.000284 seconds.
  path: Packages/com.unity.render-pipelines.core/Runtime/Debugging/Prefabs/Widgets/DebugUI Value.prefab
  artifactKey: Guid(dc0f88987826e6e48b1fe9c7c2b53a53) Importer(815301076,1909f56bfc062723c751e8b465ee728b)
Start importing Packages/com.unity.render-pipelines.core/Runtime/Debugging/Prefabs/Widgets/DebugUI Value.prefab using Guid(dc0f88987826e6e48b1fe9c7c2b53a53) Importer(815301076,1909f56bfc062723c751e8b465ee728b)  -> (artifact id: 'aa802f920f337b0309cd6a35ad0a1c97') in 0.014857 seconds 
  Import took 0.024261 seconds .

========================================================================
Received Import Request.
  Time since last request: 0.000687 seconds.
  path: Assets/AtmosphericHouse/Colliders/Sofa_2seat_COL.FBX
  artifactKey: Guid(f90700ead96ec8840b3d688618b44ba9) Importer(815301076,1909f56bfc062723c751e8b465ee728b)
Start importing Assets/AtmosphericHouse/Colliders/Sofa_2seat_COL.FBX using Guid(f90700ead96ec8840b3d688618b44ba9) Importer(815301076,1909f56bfc062723c751e8b465ee728b)  -> (artifact id: '8d2db78ab656cf7634f6c0eb728b8838') in 0.031509 seconds 
  Import took 0.040249 seconds .

========================================================================
Received Import Request.
  Time since last request: 0.000310 seconds.
  path: Assets/AtmosphericHouse/Prefabs/Props/Basement_props/Cardboard_box_E.prefab
  artifactKey: Guid(9f3e1511894f78a4d993d142602ece9e) Importer(815301076,1909f56bfc062723c751e8b465ee728b)
Start importing Assets/AtmosphericHouse/Prefabs/Props/Basement_props/Cardboard_box_E.prefab using Guid(9f3e1511894f78a4d993d142602ece9e) Importer(815301076,1909f56bfc062723c751e8b465ee728b)  -> (artifact id: 'd37a67a921f1d470bab976abb3fb1d02') in 0.039605 seconds 
  Import took 0.048432 seconds .

========================================================================
Received Import Request.
  Time since last request: 0.000458 seconds.
  path: Packages/com.unity.render-pipelines.core/Runtime/Debugging/Prefabs/Widgets/DebugUI FloatField.prefab
  artifactKey: Guid(7d4fd3415ea7dd64bbcfe13fb48a730b) Importer(815301076,1909f56bfc062723c751e8b465ee728b)
Start importing Packages/com.unity.render-pipelines.core/Runtime/Debugging/Prefabs/Widgets/DebugUI FloatField.prefab using Guid(7d4fd3415ea7dd64bbcfe13fb48a730b) Importer(815301076,1909f56bfc062723c751e8b465ee728b)  -> (artifact id: '43f062727741a07890ec70f68e587b51') in 0.017892 seconds 
  Import took 0.027567 seconds .

========================================================================
Received Import Request.
  Time since last request: 0.000312 seconds.
  path: Assets/AtmosphericHouse/Prefabs/Props/Books/Book_set_G.prefab
  artifactKey: Guid(8152b494621653c4e8631ed9fd77684e) Importer(815301076,1909f56bfc062723c751e8b465ee728b)
Start importing Assets/AtmosphericHouse/Prefabs/Props/Books/Book_set_G.prefab using Guid(8152b494621653c4e8631ed9fd77684e) Importer(815301076,1909f56bfc062723c751e8b465ee728b)  -> (artifact id: 'afed6dc4d59f6e1015260f60d4e721dc') in 0.050499 seconds 
  Import took 0.061543 seconds .

========================================================================
Received Import Request.
  Time since last request: 0.000420 seconds.
  path: Assets/AtmosphericHouse/Meshes/Meshes_props/Papers_pile_B.FBX
  artifactKey: Guid(fc8fe50ee2a4029408e8e968fc5484ab) Importer(815301076,1909f56bfc062723c751e8b465ee728b)
Start importing Assets/AtmosphericHouse/Meshes/Meshes_props/Papers_pile_B.FBX using Guid(fc8fe50ee2a4029408e8e968fc5484ab) Importer(815301076,1909f56bfc062723c751e8b465ee728b)  -> (artifact id: '51c975cd20b998bcd8899cf05254c6ad') in 0.049424 seconds 
  Import took 0.059793 seconds .

========================================================================
Received Import Request.
  Time since last request: 0.000305 seconds.
  path: Assets/AtmosphericHouse/Meshes/Meshes_props/Folder_set_D.FBX
  artifactKey: Guid(8c89c3b7df1705f4387f4ff81452cbaa) Importer(815301076,1909f56bfc062723c751e8b465ee728b)
Start importing Assets/AtmosphericHouse/Meshes/Meshes_props/Folder_set_D.FBX using Guid(8c89c3b7df1705f4387f4ff81452cbaa) Importer(815301076,1909f56bfc062723c751e8b465ee728b)  -> (artifact id: '55c08164a4a5d114e39278ebef0b6a3d') in 0.043318 seconds 
  Import took 0.050636 seconds .

========================================================================
Received Import Request.
  Time since last request: 0.000304 seconds.
  path: Assets/AtmosphericHouse/Meshes/Meshes_props/Lamp_table_work.FBX
  artifactKey: Guid(eb093dee98eba9f468c4a7bcfaab8422) Importer(815301076,1909f56bfc062723c751e8b465ee728b)
Start importing Assets/AtmosphericHouse/Meshes/Meshes_props/Lamp_table_work.FBX using Guid(eb093dee98eba9f468c4a7bcfaab8422) Importer(815301076,1909f56bfc062723c751e8b465ee728b)  -> (artifact id: 'a6b834f809ec0f7ac203b5ea9ced5bf0') in 0.048059 seconds 
  Import took 0.057633 seconds .

========================================================================
Received Import Request.
  Time since last request: 0.000314 seconds.
  path: Assets/AtmosphericHouse/Prefabs/Props/Lamps/Lamp_cellar_wall.prefab
  artifactKey: Guid(97ca9b1d34afc2e4296a12d891a5f136) Importer(815301076,1909f56bfc062723c751e8b465ee728b)
Start importing Assets/AtmosphericHouse/Prefabs/Props/Lamps/Lamp_cellar_wall.prefab using Guid(97ca9b1d34afc2e4296a12d891a5f136) Importer(815301076,1909f56bfc062723c751e8b465ee728b)  -> (artifact id: 'fe42529e8c2f2996ce37d7629317f678') in 0.038449 seconds 
  Import took 0.048301 seconds .

========================================================================
Received Import Request.
  Time since last request: 0.000373 seconds.
  path: Assets/AtmosphericHouse/Meshes/Meshes_props/Lamp_table_shade.FBX
  artifactKey: Guid(7ed664bf04fbdba4689dfc48dd1bb586) Importer(815301076,1909f56bfc062723c751e8b465ee728b)
Start importing Assets/AtmosphericHouse/Meshes/Meshes_props/Lamp_table_shade.FBX using Guid(7ed664bf04fbdba4689dfc48dd1bb586) Importer(815301076,1909f56bfc062723c751e8b465ee728b)  -> (artifact id: '0de83a837d0158abb4b64eeae7619659') in 0.058525 seconds 
  Import took 0.066182 seconds .

========================================================================
Received Import Request.
  Time since last request: 0.000320 seconds.
  path: Packages/com.unity.render-pipelines.core/Runtime/Debugging/Prefabs/Resources/DebugUI Canvas.prefab
  artifactKey: Guid(cf6cbdd672089a84796e55a21fed1cbe) Importer(815301076,1909f56bfc062723c751e8b465ee728b)
Start importing Packages/com.unity.render-pipelines.core/Runtime/Debugging/Prefabs/Resources/DebugUI Canvas.prefab using Guid(cf6cbdd672089a84796e55a21fed1cbe) Importer(815301076,1909f56bfc062723c751e8b465ee728b)  -> (artifact id: 'ecdfd0e9fa6896cb5453a8ee299c7120') in 0.056808 seconds 
  Import took 0.066504 seconds .

========================================================================
Received Import Request.
  Time since last request: 85.150490 seconds.
  path: Assets/AtmosphericHouse/Prefabs/Props
  artifactKey: Guid(260bb2eb768412d4f95624ae7db1e481) Importer(815301076,1909f56bfc062723c751e8b465ee728b)
Start importing Assets/AtmosphericHouse/Prefabs/Props using Guid(260bb2eb768412d4f95624ae7db1e481) Importer(815301076,1909f56bfc062723c751e8b465ee728b)  -> (artifact id: '9930dd9258266fa73032b7c6ca181ff0') in 0.012874 seconds 
  Import took 0.022450 seconds .

========================================================================
Received Import Request.
  Time since last request: 1.972461 seconds.
  path: Assets/AtmosphericHouse/Prefabs/Props/Lamps
  artifactKey: Guid(884ba6b741bc2c147bc1c80854474284) Importer(815301076,1909f56bfc062723c751e8b465ee728b)
Start importing Assets/AtmosphericHouse/Prefabs/Props/Lamps using Guid(884ba6b741bc2c147bc1c80854474284) Importer(815301076,1909f56bfc062723c751e8b465ee728b)  -> (artifact id: 'a72273905282d3dd1f9308ce324d7ec3') in 0.012078 seconds 
  Import took 0.020180 seconds .

========================================================================
Received Import Request.
  Time since last request: 0.021795 seconds.
  path: Assets/AtmosphericHouse/Prefabs/Props/Lamps/Lamp_table_shade.prefab
  artifactKey: Guid(89925d53b42432741b6c9de75492ab0f) Importer(815301076,1909f56bfc062723c751e8b465ee728b)
Start importing Assets/AtmosphericHouse/Prefabs/Props/Lamps/Lamp_table_shade.prefab using Guid(89925d53b42432741b6c9de75492ab0f) Importer(815301076,1909f56bfc062723c751e8b465ee728b)  -> (artifact id: '05862f5bb4082757008db76aab676771') in 0.039344 seconds 
  Import took 0.048440 seconds .

========================================================================
Received Import Request.
  Time since last request: 0.000634 seconds.
  path: Assets/AtmosphericHouse/Prefabs/Props/Lamps/Lamp_table_work.prefab
  artifactKey: Guid(5ca21fe83ef4ee3498bf44669e04fddf) Importer(815301076,1909f56bfc062723c751e8b465ee728b)
Start importing Assets/AtmosphericHouse/Prefabs/Props/Lamps/Lamp_table_work.prefab using Guid(5ca21fe83ef4ee3498bf44669e04fddf) Importer(815301076,1909f56bfc062723c751e8b465ee728b)  -> (artifact id: '6bc0d4935a200315f65a6538983748df') in 0.058923 seconds 
  Import took 0.068907 seconds .

========================================================================
Received Import Request.
  Time since last request: 0.000432 seconds.
  path: Assets/AtmosphericHouse/Prefabs/Props/Lamps/Lamp_table_shade.prefab
  artifactKey: Guid(89925d53b42432741b6c9de75492ab0f) Importer(815301076,1909f56bfc062723c751e8b465ee728b)
Start importing Assets/AtmosphericHouse/Prefabs/Props/Lamps/Lamp_table_shade.prefab using Guid(89925d53b42432741b6c9de75492ab0f) Importer(815301076,1909f56bfc062723c751e8b465ee728b)  -> (artifact id: '05862f5bb4082757008db76aab676771') in 0.033106 seconds 
  Import took 0.042437 seconds .

========================================================================
Received Import Request.
  Time since last request: 11272.008086 seconds.
  path: Assets/Materials/New Material.mat
  artifactKey: Guid(4953c033619ada64bb945a2b95c47710) Importer(815301076,1909f56bfc062723c751e8b465ee728b)
Start importing Assets/Materials/New Material.mat using Guid(4953c033619ada64bb945a2b95c47710) Importer(815301076,1909f56bfc062723c751e8b465ee728b)  -> (artifact id: '09a2ea8a2a770cf778e2e0b36ac7c026') in 0.607618 seconds 
  Import took 0.835000 seconds .

========================================================================
Received Import Request.
  Time since last request: 697.705519 seconds.
  path: Assets/Materials/New Material.mat
  artifactKey: Guid(4953c033619ada64bb945a2b95c47710) Importer(815301076,1909f56bfc062723c751e8b465ee728b)
Start importing Assets/Materials/New Material.mat using Guid(4953c033619ada64bb945a2b95c47710) Importer(815301076,1909f56bfc062723c751e8b465ee728b)  -> (artifact id: '12318d751c16902572949fc5be1a3e64') in 0.124415 seconds 
  Import took 0.156863 seconds .

========================================================================
Received Import Request.
  Time since last request: 337.718296 seconds.
  path: Assets/Materials/white.mat
  artifactKey: Guid(8294445acb459654c900dc1f097f1d0c) Importer(815301076,1909f56bfc062723c751e8b465ee728b)
Start importing Assets/Materials/white.mat using Guid(8294445acb459654c900dc1f097f1d0c) Importer(815301076,1909f56bfc062723c751e8b465ee728b)  -> (artifact id: 'a7a72ec974c260d6c0577ad6c9e285f6') in 0.079036 seconds 
  Import took 0.105492 seconds .

========================================================================
Received Import Request.
  Time since last request: 676.966133 seconds.
  path: Assets/Materials/TileFloor/floor_tiles_02_arm_2k.png
  artifactKey: Guid(cedbcb6b18cc9da49998fe11b2cbdb23) Importer(815301076,1909f56bfc062723c751e8b465ee728b)
Start importing Assets/Materials/TileFloor/floor_tiles_02_arm_2k.png using Guid(cedbcb6b18cc9da49998fe11b2cbdb23) Importer(815301076,1909f56bfc062723c751e8b465ee728b)  -> (artifact id: 'c95e2b2e5024e51dc8e7e5f997d1d2c4') in 22.579755 seconds 
  Import took 27.465932 seconds .

========================================================================
Received Import Request.
  Time since last request: 0.006222 seconds.
  path: Assets/Materials/TileFloor/Tile Floor.mat
  artifactKey: Guid(95a6eed79cbbb874fb516dcc18ea1ff6) Importer(815301076,1909f56bfc062723c751e8b465ee728b)
Start importing Assets/Materials/TileFloor/Tile Floor.mat using Guid(95a6eed79cbbb874fb516dcc18ea1ff6) Importer(815301076,1909f56bfc062723c751e8b465ee728b)  -> (artifact id: '70e52d388cd365d6d234866fe21e0915') in 1.920621 seconds 
  Import took 3.225086 seconds .

========================================================================
Received Import Request.
  Time since last request: 0.000668 seconds.
  path: Assets/Materials/TileFloor/floor_tiles_02_nor_gl_2k.png
  artifactKey: Guid(4462b1a45c8a58b41b35d0aa77272079) Importer(815301076,1909f56bfc062723c751e8b465ee728b)
Start importing Assets/Materials/TileFloor/floor_tiles_02_nor_gl_2k.png using Guid(4462b1a45c8a58b41b35d0aa77272079) Importer(815301076,1909f56bfc062723c751e8b465ee728b)  -> (artifact id: 'db3e283c74f66ccb95d584f76b7fe5b0') in 0.093829 seconds 
  Import took 0.117254 seconds .

========================================================================
Received Import Request.
  Time since last request: 0.000828 seconds.
  path: Assets/Materials/TileFloor/floor_tiles_02_diff_2k.png
  artifactKey: Guid(fd2d17e307352ae41acbe77d5a67000a) Importer(815301076,1909f56bfc062723c751e8b465ee728b)
Start importing Assets/Materials/TileFloor/floor_tiles_02_diff_2k.png using Guid(fd2d17e307352ae41acbe77d5a67000a) Importer(815301076,1909f56bfc062723c751e8b465ee728b)  -> (artifact id: 'f38654edbfaa91feaa91e26d9fc6b0ec') in 0.101165 seconds 
  Import took 0.123101 seconds .

========================================================================
Received Import Request.
  Time since last request: 220.283918 seconds.
  path: Assets/AtmosphericHouse/Textures/Clean/Lamps_B/Lamps_B_clean_BaseColor.png
  artifactKey: Guid(43b9523605f38a24190f6c52dcf0024a) Importer(815301076,1909f56bfc062723c751e8b465ee728b)
Start importing Assets/AtmosphericHouse/Textures/Clean/Lamps_B/Lamps_B_clean_BaseColor.png using Guid(43b9523605f38a24190f6c52dcf0024a) Importer(815301076,1909f56bfc062723c751e8b465ee728b)  -> (artifact id: 'c5d3ac12a989f7d9a66df0f422d153db') in 0.099693 seconds 
  Import took 0.122423 seconds .

========================================================================
Received Import Request.
  Time since last request: 0.001332 seconds.
  path: Assets/AtmosphericHouse/Textures/Clean/Lamps_B/Lamps_B_clean_MaskMap.png
  artifactKey: Guid(a6073c7fbab64674eab4c1bc85c59879) Importer(815301076,1909f56bfc062723c751e8b465ee728b)
Start importing Assets/AtmosphericHouse/Textures/Clean/Lamps_B/Lamps_B_clean_MaskMap.png using Guid(a6073c7fbab64674eab4c1bc85c59879) Importer(815301076,1909f56bfc062723c751e8b465ee728b)  -> (artifact id: '2d9f1c629b3435e10552666ab3b32e5e') in 1.435709 seconds 
  Import took 1.457184 seconds .

========================================================================
Received Import Request.
  Time since last request: 0.001542 seconds.
  path: Assets/AtmosphericHouse/Textures/Clean/Lamps_B/Lamps_B_clean_Emissive.png
  artifactKey: Guid(56037a56e9ffd2e45a6efe9043bf5a7b) Importer(815301076,1909f56bfc062723c751e8b465ee728b)
Start importing Assets/AtmosphericHouse/Textures/Clean/Lamps_B/Lamps_B_clean_Emissive.png using Guid(56037a56e9ffd2e45a6efe9043bf5a7b) Importer(815301076,1909f56bfc062723c751e8b465ee728b)  -> (artifact id: 'bebca55dab1b139c6f50657417ab53f0') in 0.228532 seconds 
  Import took 0.263738 seconds .

========================================================================
Received Import Request.
  Time since last request: 0.118899 seconds.
  path: Assets/AtmosphericHouse/Textures/Clean/Lamps_B/Lamps_B_clean_Normal.png
  artifactKey: Guid(804aad467c022a8428811d5fd0497350) Importer(815301076,1909f56bfc062723c751e8b465ee728b)
Start importing Assets/AtmosphericHouse/Textures/Clean/Lamps_B/Lamps_B_clean_Normal.png using Guid(804aad467c022a8428811d5fd0497350) Importer(815301076,1909f56bfc062723c751e8b465ee728b)  -> (artifact id: 'abb539aa27f944bb0ca8c7a0bcea9d17') in 4.799291 seconds 
  Import took 4.912864 seconds .

========================================================================
Received Import Request.
  Time since last request: 0.000737 seconds.
  path: Assets/AtmosphericHouse/Textures/Clean/Lamps_B/Lamps_B_clean_BaseColor.png
  artifactKey: Guid(43b9523605f38a24190f6c52dcf0024a) Importer(815301076,1909f56bfc062723c751e8b465ee728b)
Start importing Assets/AtmosphericHouse/Textures/Clean/Lamps_B/Lamps_B_clean_BaseColor.png using Guid(43b9523605f38a24190f6c52dcf0024a) Importer(815301076,1909f56bfc062723c751e8b465ee728b)  -> (artifact id: 'c5d3ac12a989f7d9a66df0f422d153db') in 0.070343 seconds 
  Import took 0.224338 seconds .

========================================================================
Received Import Request.
  Time since last request: 215.669046 seconds.
  path: Assets/AtmosphericHouse/Materials/Basement_props_B.mat
  artifactKey: Guid(79ea057d706a293458c379553eb3fa54) Importer(815301076,1909f56bfc062723c751e8b465ee728b)
Start importing Assets/AtmosphericHouse/Materials/Basement_props_B.mat using Guid(79ea057d706a293458c379553eb3fa54) Importer(815301076,1909f56bfc062723c751e8b465ee728b)  -> (artifact id: '61eb1cc7591ee31502b0909edbc5bcd9') in 225.751125 seconds 
  Import took 232.331107 seconds .

========================================================================
Received Import Request.
  Time since last request: 7.548717 seconds.
  path: Assets/AtmosphericHouse/Materials/Books_clean.mat
  artifactKey: Guid(74457c0de53d79445b9c98d4816f4672) Importer(815301076,1909f56bfc062723c751e8b465ee728b)
Start importing Assets/AtmosphericHouse/Materials/Books_clean.mat using Guid(74457c0de53d79445b9c98d4816f4672) Importer(815301076,1909f56bfc062723c751e8b465ee728b)  -> (artifact id: '206b03f8b1178c729378c99400b207cf') in 53.929989 seconds 
  Import took 59.453051 seconds .

========================================================================
Received Import Request.
  Time since last request: 0.000623 seconds.
  path: Assets/AtmosphericHouse/Materials/Workdesk_clean.mat
  artifactKey: Guid(2107cc34eab53ab48b16ea8f7589aee8) Importer(815301076,1909f56bfc062723c751e8b465ee728b)
Start importing Assets/AtmosphericHouse/Materials/Workdesk_clean.mat using Guid(2107cc34eab53ab48b16ea8f7589aee8) Importer(815301076,1909f56bfc062723c751e8b465ee728b)  -> (artifact id: '102f3961043b290956c4b5c3bf44d1fd') in 0.283779 seconds 
  Import took 0.316070 seconds .

========================================================================
Received Import Request.
  Time since last request: 0.000703 seconds.
  path: Assets/AtmosphericHouse/Materials/Misc_prop_set_clean.mat
  artifactKey: Guid(5dd43fb3fc6b5e547ae39f8ce5e5f5db) Importer(815301076,1909f56bfc062723c751e8b465ee728b)
Start importing Assets/AtmosphericHouse/Materials/Misc_prop_set_clean.mat using Guid(5dd43fb3fc6b5e547ae39f8ce5e5f5db) Importer(815301076,1909f56bfc062723c751e8b465ee728b)  -> (artifact id: '8629da409dfb7246a0b88318b7be4c02') in 43.771777 seconds 
  Import took 43.800045 seconds .

========================================================================
Received Import Request.
  Time since last request: 4.737605 seconds.
  path: Assets/AtmosphericHouse/Materials/Sidetables_clean.mat
  artifactKey: Guid(667fb094ec53ecf49860b4821b1424a9) Importer(815301076,1909f56bfc062723c751e8b465ee728b)
Start importing Assets/AtmosphericHouse/Materials/Sidetables_clean.mat using Guid(667fb094ec53ecf49860b4821b1424a9) Importer(815301076,1909f56bfc062723c751e8b465ee728b)  -> (artifact id: '58e8cf5e6437479081ac2fe991cd44c4') in 15.685439 seconds 
  Import took 23.768556 seconds .

========================================================================
Received Import Request.
  Time since last request: 0.000517 seconds.
  path: Assets/AtmosphericHouse/Materials/TV_computer_clean.mat
  artifactKey: Guid(113bc94b9e89f924f828742980d6b02a) Importer(815301076,1909f56bfc062723c751e8b465ee728b)
Start importing Assets/AtmosphericHouse/Materials/TV_computer_clean.mat using Guid(113bc94b9e89f924f828742980d6b02a) Importer(815301076,1909f56bfc062723c751e8b465ee728b)  -> (artifact id: '015cdf42b1a661c1bc53d90734e27a64') in 41.536528 seconds 
  Import took 41.558011 seconds .

========================================================================
Received Import Request.
  Time since last request: 0.000654 seconds.
  path: Assets/AtmosphericHouse/Materials/Lamps_B_on_clean.mat
  artifactKey: Guid(140029972682ed14f9ac6bd62e290260) Importer(815301076,1909f56bfc062723c751e8b465ee728b)
Start importing Assets/AtmosphericHouse/Materials/Lamps_B_on_clean.mat using Guid(140029972682ed14f9ac6bd62e290260) Importer(815301076,1909f56bfc062723c751e8b465ee728b)  -> (artifact id: 'a7d367d71e5f0089abd0cf393cd7f2b6') in 55.791381 seconds 
  Import took 55.812776 seconds .

========================================================================
Received Import Request.
  Time since last request: 0.000651 seconds.
  path: Assets/AtmosphericHouse/Materials/Office_props_clean.mat
  artifactKey: Guid(7c0c87cf005d1744698d5c83c2b3c2e9) Importer(815301076,1909f56bfc062723c751e8b465ee728b)
Start importing Assets/AtmosphericHouse/Materials/Office_props_clean.mat using Guid(7c0c87cf005d1744698d5c83c2b3c2e9) Importer(815301076,1909f56bfc062723c751e8b465ee728b)  -> (artifact id: '936578c90e05ecad4b7b5ae7b34104c1') in 21.381228 seconds 
  Import took 26.129229 seconds .

========================================================================
Received Import Request.
  Time since last request: 0.000596 seconds.
  path: Assets/Materials/TileFloor/Tile Floor.mat
  artifactKey: Guid(95a6eed79cbbb874fb516dcc18ea1ff6) Importer(815301076,1909f56bfc062723c751e8b465ee728b)
Start importing Assets/Materials/TileFloor/Tile Floor.mat using Guid(95a6eed79cbbb874fb516dcc18ea1ff6) Importer(815301076,1909f56bfc062723c751e8b465ee728b)  -> (artifact id: '83a217bdbf0b07f9942c4f939ecf4a2b') in 40.654196 seconds 
  Import took 46.295575 seconds .

========================================================================
Received Import Request.
  Time since last request: 0.000481 seconds.
  path: Assets/AtmosphericHouse/Materials/Paintings.mat
  artifactKey: Guid(b4d479ac70c3b3a4b92e13cdb771e431) Importer(815301076,1909f56bfc062723c751e8b465ee728b)
Start importing Assets/AtmosphericHouse/Materials/Paintings.mat using Guid(b4d479ac70c3b3a4b92e13cdb771e431) Importer(815301076,1909f56bfc062723c751e8b465ee728b)  -> (artifact id: 'f17f41a684075c0efc84b2e4c1252632') in 34.385658 seconds 
  Import took 34.541460 seconds .

========================================================================
Received Import Request.
  Time since last request: 0.000549 seconds.
  path: Assets/AtmosphericHouse/Materials/Sofa_clean.mat
  artifactKey: Guid(9fcb8f99e11fdfc4593953fcca292c7d) Importer(815301076,1909f56bfc062723c751e8b465ee728b)
Start importing Assets/AtmosphericHouse/Materials/Sofa_clean.mat using Guid(9fcb8f99e11fdfc4593953fcca292c7d) Importer(815301076,1909f56bfc062723c751e8b465ee728b)  -> (artifact id: '3b5636ca42096f9b973162b0f8b233db') in 43.247368 seconds 
  Import took 61.647586 seconds .

========================================================================
Received Import Request.
  Time since last request: 0.000521 seconds.
  path: Assets/AtmosphericHouse/Materials/Lamps_A_on_clean.mat
  artifactKey: Guid(f4944201cb28bc04d9a8a4b010128b6d) Importer(815301076,1909f56bfc062723c751e8b465ee728b)
Start importing Assets/AtmosphericHouse/Materials/Lamps_A_on_clean.mat using Guid(f4944201cb28bc04d9a8a4b010128b6d) Importer(815301076,1909f56bfc062723c751e8b465ee728b)  -> (artifact id: 'fc3a69c416704459d1a84ce0bf56e6ec') in 21.402475 seconds 
  Import took 21.418827 seconds .

========================================================================
Received Import Request.
  Time since last request: 0.000508 seconds.
  path: Assets/AtmosphericHouse/Materials/NEon pink.mat
  artifactKey: Guid(b264588a9c2575041bdc50d25dde238e) Importer(815301076,1909f56bfc062723c751e8b465ee728b)
Start importing Assets/AtmosphericHouse/Materials/NEon pink.mat using Guid(b264588a9c2575041bdc50d25dde238e) Importer(815301076,1909f56bfc062723c751e8b465ee728b)  -> (artifact id: '0519d22ac961e205da2c3a03972c8590') in 16.623125 seconds 
  Import took 23.723083 seconds .

========================================================================
Received Import Request.
  Time since last request: 0.000560 seconds.
  path: Assets/AtmosphericHouse/Materials/Small_table_props_clean.mat
  artifactKey: Guid(c9060ab15dd8b9a40910cb87a7e419b6) Importer(815301076,1909f56bfc062723c751e8b465ee728b)
Start importing Assets/AtmosphericHouse/Materials/Small_table_props_clean.mat using Guid(c9060ab15dd8b9a40910cb87a7e419b6) Importer(815301076,1909f56bfc062723c751e8b465ee728b)  -> (artifact id: '1c3bec682ce021c055d72763e8ddc95a') in 26.583100 seconds 
  Import took 32.676940 seconds .

========================================================================
Received Import Request.
  Time since last request: 0.000268 seconds.
  path: Assets/AtmosphericHouse/Materials/Tables_clean.mat
  artifactKey: Guid(10ce19ed6b94fa74bb7c54fdfbe56fcd) Importer(815301076,1909f56bfc062723c751e8b465ee728b)
Start importing Assets/AtmosphericHouse/Materials/Tables_clean.mat using Guid(10ce19ed6b94fa74bb7c54fdfbe56fcd) Importer(815301076,1909f56bfc062723c751e8b465ee728b)  -> (artifact id: 'ddbc9bd95c34385f456272d78b180909') in 38.128200 seconds 
  Import took 42.884629 seconds .

========================================================================
Received Import Request.
  Time since last request: 0.000537 seconds.
  path: Assets/AtmosphericHouse/Materials/Carpets_persian_clean.mat
  artifactKey: Guid(bf608dcebb00ced4782a343e28a03dc6) Importer(815301076,1909f56bfc062723c751e8b465ee728b)
Start importing Assets/AtmosphericHouse/Materials/Carpets_persian_clean.mat using Guid(bf608dcebb00ced4782a343e28a03dc6) Importer(815301076,1909f56bfc062723c751e8b465ee728b)  -> (artifact id: 'b77049838d2ed2f4e28b32184356f7fe') in 37.356788 seconds 
  Import took 43.941590 seconds .

========================================================================
Received Import Request.
  Time since last request: 0.000527 seconds.
  path: Assets/AtmosphericHouse/Materials/Chairs_clean.mat
  artifactKey: Guid(adc344c647c29e84cbff9667e6b7a3c1) Importer(815301076,1909f56bfc062723c751e8b465ee728b)
Start importing Assets/AtmosphericHouse/Materials/Chairs_clean.mat using Guid(adc344c647c29e84cbff9667e6b7a3c1) Importer(815301076,1909f56bfc062723c751e8b465ee728b)  -> (artifact id: 'c86acd6660505aa2373bb710af699b95') in 19.119115 seconds 
  Import took 24.933186 seconds .

========================================================================
Received Import Request.
  Time since last request: 0.000541 seconds.
  path: Assets/AtmosphericHouse/Materials/Lamps_B_on_worn.mat
  artifactKey: Guid(f82ef95d6c479a14f9abaff6e69551f3) Importer(815301076,1909f56bfc062723c751e8b465ee728b)
Start importing Assets/AtmosphericHouse/Materials/Lamps_B_on_worn.mat using Guid(f82ef95d6c479a14f9abaff6e69551f3) Importer(815301076,1909f56bfc062723c751e8b465ee728b)  -> (artifact id: 'febdf30165027118e496fd1e36374963') in 25.201817 seconds 
  Import took 25.224038 seconds .

========================================================================
Received Import Request.
  Time since last request: 0.000689 seconds.
  path: Assets/AtmosphericHouse/Materials/Storage_props_clean.mat
  artifactKey: Guid(e22982a91ed02274b86714d33c7e67a8) Importer(815301076,1909f56bfc062723c751e8b465ee728b)
Start importing Assets/AtmosphericHouse/Materials/Storage_props_clean.mat using Guid(e22982a91ed02274b86714d33c7e67a8) Importer(815301076,1909f56bfc062723c751e8b465ee728b)  -> (artifact id: 'c134ecd422010b6dfdd4d47c972a1b1e') in 47.907548 seconds 
  Import took 55.520048 seconds .

========================================================================
Received Import Request.
  Time since last request: 0.000464 seconds.
  path: Assets/AtmosphericHouse/Materials/Interior_plants_clean.mat
  artifactKey: Guid(1a1e874a51a4557498cd8a0a20b833a4) Importer(815301076,1909f56bfc062723c751e8b465ee728b)
Start importing Assets/AtmosphericHouse/Materials/Interior_plants_clean.mat using Guid(1a1e874a51a4557498cd8a0a20b833a4) Importer(815301076,1909f56bfc062723c751e8b465ee728b)  -> (artifact id: '4302681a0ffe3a69a3104cf0b0af053b') in 48.798992 seconds 
  Import took 71.249473 seconds .

========================================================================
Received Import Request.
  Time since last request: 404.317739 seconds.
  path: Assets/AtmosphericHouse/Materials/NEon pink.mat
  artifactKey: Guid(b264588a9c2575041bdc50d25dde238e) Importer(815301076,1909f56bfc062723c751e8b465ee728b)
Start importing Assets/AtmosphericHouse/Materials/NEon pink.mat using Guid(b264588a9c2575041bdc50d25dde238e) Importer(815301076,1909f56bfc062723c751e8b465ee728b)  -> (artifact id: '6e5b7d9c35144ced3800d6fa9b262890') in 21.383216 seconds 
  Import took 21.405161 seconds .

========================================================================
Received Import Request.
  Time since last request: 174.991282 seconds.
  path: Assets/AtmosphericHouse/Materials/NEon pink.mat
  artifactKey: Guid(b264588a9c2575041bdc50d25dde238e) Importer(815301076,1909f56bfc062723c751e8b465ee728b)
Start importing Assets/AtmosphericHouse/Materials/NEon pink.mat using Guid(b264588a9c2575041bdc50d25dde238e) Importer(815301076,1909f56bfc062723c751e8b465ee728b)  -> (artifact id: 'e9798849ffcc69288a50badc5090b74d') in 27.306862 seconds 
  Import took 32.817994 seconds .

